{"C:\\Users\\renna\\Desenvolvimento\\ArchFlow_BackEnd\\src\\lib\\env.ts": {"path":"C:\\Users\\renna\\Desenvolvimento\\ArchFlow_BackEnd\\src\\lib\\env.ts","statementMap":{"0":{"start":{"line":2,"column":14},"end":{"line":2,"column":null}},"1":{"start":{"line":3,"column":2},"end":{"line":3,"column":null}},"2":{"start":{"line":3,"column":12},"end":{"line":3,"column":null}},"3":{"start":{"line":4,"column":2},"end":{"line":4,"column":null}},"4":{"start":{"line":8,"column":2},"end":{"line":8,"column":null}},"5":{"start":{"line":11,"column":19},"end":{"line":55,"column":null}}},"fnMap":{"0":{"name":"required","decl":{"start":{"line":1,"column":9},"end":{"line":1,"column":18}},"loc":{"start":{"line":1,"column":40},"end":{"line":5,"column":null}},"line":1},"1":{"name":"optional","decl":{"start":{"line":7,"column":9},"end":{"line":7,"column":18}},"loc":{"start":{"line":7,"column":58},"end":{"line":9,"column":null}},"line":7}},"branchMap":{"0":{"loc":{"start":{"line":3,"column":2},"end":{"line":3,"column":null}},"type":"if","locations":[{"start":{"line":3,"column":2},"end":{"line":3,"column":null}},{"start":{},"end":{}}],"line":3},"1":{"loc":{"start":{"line":8,"column":9},"end":{"line":8,"column":null}},"type":"binary-expr","locations":[{"start":{"line":8,"column":9},"end":{"line":8,"column":30}},{"start":{"line":8,"column":30},"end":{"line":8,"column":null}}],"line":8},"2":{"loc":{"start":{"line":46,"column":19},"end":{"line":46,"column":null}},"type":"binary-expr","locations":[{"start":{"line":46,"column":19},"end":{"line":46,"column":44}},{"start":{"line":46,"column":44},"end":{"line":46,"column":69}},{"start":{"line":46,"column":69},"end":{"line":46,"column":null}}],"line":46}},"s":{"0":18,"1":18,"2":0,"3":18,"4":42,"5":3},"f":{"0":18,"1":42},"b":{"0":[0,18],"1":[42,12],"2":[3,3,3]},"meta":{"lastBranch":3,"lastFunction":2,"lastStatement":6,"seen":{"f:1:9:1:18":0,"s:2:14:2:Infinity":0,"b:3:2:3:Infinity:undefined:undefined:undefined:undefined":0,"s:3:2:3:Infinity":1,"s:3:12:3:Infinity":2,"s:4:2:4:Infinity":3,"f:7:9:7:18":1,"s:8:2:8:Infinity":4,"b:8:9:8:30:8:30:8:Infinity":1,"s:11:19:55:Infinity":5,"b:46:19:46:44:46:44:46:69:46:69:46:Infinity":2}}}
,"C:\\Users\\renna\\Desenvolvimento\\ArchFlow_BackEnd\\src\\lib\\errors.ts": {"path":"C:\\Users\\renna\\Desenvolvimento\\ArchFlow_BackEnd\\src\\lib\\errors.ts","statementMap":{"0":{"start":{"line":1,"column":7},"end":{"line":23,"column":null}},"1":{"start":{"line":3,"column":2},"end":{"line":3,"column":null}},"2":{"start":{"line":4,"column":2},"end":{"line":4,"column":null}},"3":{"start":{"line":5,"column":2},"end":{"line":5,"column":null}},"4":{"start":{"line":6,"column":2},"end":{"line":6,"column":null}},"5":{"start":{"line":7,"column":2},"end":{"line":7,"column":null}},"6":{"start":{"line":9,"column":2},"end":{"line":9,"column":null}},"7":{"start":{"line":11,"column":2},"end":{"line":11,"column":null}},"8":{"start":{"line":12,"column":2},"end":{"line":12,"column":null}},"9":{"start":{"line":14,"column":2},"end":{"line":14,"column":null}},"10":{"start":{"line":15,"column":2},"end":{"line":15,"column":null}},"11":{"start":{"line":16,"column":2},"end":{"line":16,"column":null}},"12":{"start":{"line":17,"column":2},"end":{"line":17,"column":null}},"13":{"start":{"line":18,"column":2},"end":{"line":18,"column":null}},"14":{"start":{"line":19,"column":2},"end":{"line":19,"column":null}},"15":{"start":{"line":20,"column":2},"end":{"line":20,"column":null}},"16":{"start":{"line":21,"column":2},"end":{"line":21,"column":null}},"17":{"start":{"line":22,"column":2},"end":{"line":22,"column":null}},"18":{"start":{"line":27,"column":4},"end":{"line":27,"column":null}},"19":{"start":{"line":26,"column":30},"end":{"line":26,"column":47}},"20":{"start":{"line":28,"column":4},"end":{"line":28,"column":null}}},"fnMap":{"0":{"name":"(anonymous_0)","decl":{"start":{"line":1,"column":7},"end":{"line":1,"column":12}},"loc":{"start":{"line":1,"column":7},"end":{"line":23,"column":null}},"line":1},"1":{"name":"(anonymous_1)","decl":{"start":{"line":26,"column":2},"end":{"line":26,"column":14}},"loc":{"start":{"line":26,"column":65},"end":{"line":29,"column":null}},"line":26}},"branchMap":{"0":{"loc":{"start":{"line":27,"column":10},"end":{"line":27,"column":25}},"type":"binary-expr","locations":[{"start":{"line":27,"column":10},"end":{"line":27,"column":21}},{"start":{"line":27,"column":21},"end":{"line":27,"column":25}}],"line":27}},"s":{"0":5,"1":5,"2":5,"3":5,"4":5,"5":5,"6":5,"7":5,"8":5,"9":5,"10":5,"11":5,"12":5,"13":5,"14":5,"15":5,"16":5,"17":5,"18":35,"19":35,"20":35},"f":{"0":5,"1":35},"b":{"0":[35,32]},"meta":{"lastBranch":1,"lastFunction":2,"lastStatement":21,"seen":{"s:1:7:23:Infinity":0,"f:1:7:1:12":0,"s:3:2:3:Infinity":1,"s:4:2:4:Infinity":2,"s:5:2:5:Infinity":3,"s:6:2:6:Infinity":4,"s:7:2:7:Infinity":5,"s:9:2:9:Infinity":6,"s:11:2:11:Infinity":7,"s:12:2:12:Infinity":8,"s:14:2:14:Infinity":9,"s:15:2:15:Infinity":10,"s:16:2:16:Infinity":11,"s:17:2:17:Infinity":12,"s:18:2:18:Infinity":13,"s:19:2:19:Infinity":14,"s:20:2:20:Infinity":15,"s:21:2:21:Infinity":16,"s:22:2:22:Infinity":17,"f:26:2:26:14":1,"s:27:4:27:Infinity":18,"b:27:10:27:21:27:21:27:25":0,"s:26:30:26:47":19,"s:28:4:28:Infinity":20}}}
,"C:\\Users\\renna\\Desenvolvimento\\ArchFlow_BackEnd\\src\\lib\\events.ts": {"path":"C:\\Users\\renna\\Desenvolvimento\\ArchFlow_BackEnd\\src\\lib\\events.ts","statementMap":{"0":{"start":{"line":53,"column":2},"end":{"line":53,"column":null}},"1":{"start":{"line":57,"column":2},"end":{"line":57,"column":null}}},"fnMap":{"0":{"name":"emitEvent","decl":{"start":{"line":52,"column":16},"end":{"line":52,"column":26}},"loc":{"start":{"line":52,"column":74},"end":{"line":54,"column":null}},"line":52},"1":{"name":"emitErrorEvent","decl":{"start":{"line":56,"column":16},"end":{"line":56,"column":31}},"loc":{"start":{"line":56,"column":79},"end":{"line":58,"column":null}},"line":56}},"branchMap":{"0":{"loc":{"start":{"line":52,"column":44},"end":{"line":52,"column":74}},"type":"default-arg","locations":[{"start":{"line":52,"column":64},"end":{"line":52,"column":74}}],"line":52},"1":{"loc":{"start":{"line":56,"column":49},"end":{"line":56,"column":79}},"type":"default-arg","locations":[{"start":{"line":56,"column":69},"end":{"line":56,"column":79}}],"line":56}},"s":{"0":3,"1":4},"f":{"0":3,"1":4},"b":{"0":[3],"1":[4]},"meta":{"lastBranch":2,"lastFunction":2,"lastStatement":2,"seen":{"f:52:16:52:26":0,"b:52:64:52:74":0,"s:53:2:53:Infinity":0,"f:56:16:56:31":1,"b:56:69:56:79":1,"s:57:2:57:Infinity":1}}}
,"C:\\Users\\renna\\Desenvolvimento\\ArchFlow_BackEnd\\src\\lib\\hash.ts": {"path":"C:\\Users\\renna\\Desenvolvimento\\ArchFlow_BackEnd\\src\\lib\\hash.ts","statementMap":{"0":{"start":{"line":3,"column":20},"end":{"line":3,"column":null}},"1":{"start":{"line":6,"column":2},"end":{"line":6,"column":null}},"2":{"start":{"line":10,"column":2},"end":{"line":10,"column":null}}},"fnMap":{"0":{"name":"hashPassword","decl":{"start":{"line":5,"column":22},"end":{"line":5,"column":35}},"loc":{"start":{"line":5,"column":67},"end":{"line":7,"column":null}},"line":5},"1":{"name":"comparePassword","decl":{"start":{"line":9,"column":22},"end":{"line":9,"column":38}},"loc":{"start":{"line":9,"column":87},"end":{"line":11,"column":null}},"line":9}},"branchMap":{},"s":{"0":2,"1":0,"2":0},"f":{"0":0,"1":0},"b":{},"meta":{"lastBranch":0,"lastFunction":2,"lastStatement":3,"seen":{"s:3:20:3:Infinity":0,"f:5:22:5:35":0,"s:6:2:6:Infinity":1,"f:9:22:9:38":1,"s:10:2:10:Infinity":2}}}
,"C:\\Users\\renna\\Desenvolvimento\\ArchFlow_BackEnd\\src\\lib\\jwt.ts": {"path":"C:\\Users\\renna\\Desenvolvimento\\ArchFlow_BackEnd\\src\\lib\\jwt.ts","statementMap":{"0":{"start":{"line":15,"column":2},"end":{"line":15,"column":null}},"1":{"start":{"line":19,"column":2},"end":{"line":19,"column":null}},"2":{"start":{"line":23,"column":2},"end":{"line":23,"column":null}},"3":{"start":{"line":27,"column":2},"end":{"line":27,"column":null}},"4":{"start":{"line":39,"column":2},"end":{"line":47,"column":null}}},"fnMap":{"0":{"name":"signAccessToken","decl":{"start":{"line":14,"column":16},"end":{"line":14,"column":32}},"loc":{"start":{"line":14,"column":61},"end":{"line":16,"column":null}},"line":14},"1":{"name":"signRefreshToken","decl":{"start":{"line":18,"column":16},"end":{"line":18,"column":33}},"loc":{"start":{"line":18,"column":62},"end":{"line":20,"column":null}},"line":18},"2":{"name":"verifyAccessToken","decl":{"start":{"line":22,"column":16},"end":{"line":22,"column":34}},"loc":{"start":{"line":22,"column":61},"end":{"line":24,"column":null}},"line":22},"3":{"name":"verifyRefreshToken","decl":{"start":{"line":26,"column":16},"end":{"line":26,"column":35}},"loc":{"start":{"line":26,"column":62},"end":{"line":28,"column":null}},"line":26},"4":{"name":"buildPayload","decl":{"start":{"line":30,"column":16},"end":{"line":30,"column":29}},"loc":{"start":{"line":38,"column":15},"end":{"line":48,"column":null}},"line":38}},"branchMap":{"0":{"loc":{"start":{"line":43,"column":25},"end":{"line":43,"column":null}},"type":"binary-expr","locations":[{"start":{"line":43,"column":25},"end":{"line":43,"column":45}},{"start":{"line":43,"column":45},"end":{"line":43,"column":null}}],"line":43},"1":{"loc":{"start":{"line":44,"column":25},"end":{"line":44,"column":null}},"type":"binary-expr","locations":[{"start":{"line":44,"column":25},"end":{"line":44,"column":47}},{"start":{"line":44,"column":47},"end":{"line":44,"column":null}}],"line":44},"2":{"loc":{"start":{"line":45,"column":25},"end":{"line":45,"column":null}},"type":"binary-expr","locations":[{"start":{"line":45,"column":25},"end":{"line":45,"column":47}},{"start":{"line":45,"column":47},"end":{"line":45,"column":null}}],"line":45},"3":{"loc":{"start":{"line":46,"column":25},"end":{"line":46,"column":null}},"type":"binary-expr","locations":[{"start":{"line":46,"column":25},"end":{"line":46,"column":53}},{"start":{"line":46,"column":53},"end":{"line":46,"column":null}}],"line":46}},"s":{"0":6,"1":1,"2":2,"3":1,"4":9},"f":{"0":6,"1":1,"2":2,"3":1,"4":9},"b":{"0":[9,0],"1":[9,1],"2":[9,9],"3":[9,0]},"meta":{"lastBranch":4,"lastFunction":5,"lastStatement":5,"seen":{"f:14:16:14:32":0,"s:15:2:15:Infinity":0,"f:18:16:18:33":1,"s:19:2:19:Infinity":1,"f:22:16:22:34":2,"s:23:2:23:Infinity":2,"f:26:16:26:35":3,"s:27:2:27:Infinity":3,"f:30:16:30:29":4,"s:39:2:47:Infinity":4,"b:43:25:43:45:43:45:43:Infinity":0,"b:44:25:44:47:44:47:44:Infinity":1,"b:45:25:45:47:45:47:45:Infinity":2,"b:46:25:46:53:46:53:46:Infinity":3}}}
,"C:\\Users\\renna\\Desenvolvimento\\ArchFlow_BackEnd\\src\\lib\\openapi.ts": {"path":"C:\\Users\\renna\\Desenvolvimento\\ArchFlow_BackEnd\\src\\lib\\openapi.ts","statementMap":{"0":{"start":{"line":17,"column":2},"end":{"line":17,"column":null}},"1":{"start":{"line":22,"column":16},"end":{"line":22,"column":null}},"2":{"start":{"line":23,"column":16},"end":{"line":23,"column":null}},"3":{"start":{"line":24,"column":16},"end":{"line":24,"column":null}},"4":{"start":{"line":26,"column":16},"end":{"line":78,"column":null}},"5":{"start":{"line":82,"column":15},"end":{"line":82,"column":null}},"6":{"start":{"line":83,"column":15},"end":{"line":83,"column":null}},"7":{"start":{"line":86,"column":2},"end":{"line":86,"column":null}},"8":{"start":{"line":89,"column":2},"end":{"line":89,"column":null}},"9":{"start":{"line":92,"column":2},"end":{"line":92,"column":null}},"10":{"start":{"line":95,"column":2},"end":{"line":95,"column":null}},"11":{"start":{"line":98,"column":2},"end":{"line":98,"column":null}},"12":{"start":{"line":100,"column":10},"end":{"line":106,"column":null}},"13":{"start":{"line":110,"column":39},"end":{"line":172,"column":null}},"14":{"start":{"line":176,"column":27},"end":{"line":209,"column":null}}},"fnMap":{"0":{"name":"zs","decl":{"start":{"line":16,"column":9},"end":{"line":16,"column":12}},"loc":{"start":{"line":16,"column":59},"end":{"line":18,"column":null}},"line":16},"1":{"name":"jsonBody","decl":{"start":{"line":85,"column":9},"end":{"line":85,"column":18}},"loc":{"start":{"line":85,"column":40},"end":{"line":87,"column":null}},"line":85},"2":{"name":"formBody","decl":{"start":{"line":88,"column":9},"end":{"line":88,"column":20}},"loc":{"start":{"line":88,"column":20},"end":{"line":90,"column":null}},"line":88},"3":{"name":"ok","decl":{"start":{"line":91,"column":9},"end":{"line":91,"column":12}},"loc":{"start":{"line":91,"column":25},"end":{"line":93,"column":null}},"line":91},"4":{"name":"okList","decl":{"start":{"line":94,"column":9},"end":{"line":94,"column":16}},"loc":{"start":{"line":94,"column":29},"end":{"line":96,"column":null}},"line":94},"5":{"name":"okInline","decl":{"start":{"line":97,"column":9},"end":{"line":97,"column":18}},"loc":{"start":{"line":97,"column":51},"end":{"line":99,"column":null}},"line":97}},"branchMap":{},"s":{"0":0,"1":0,"2":0,"3":0,"4":0,"5":0,"6":0,"7":0,"8":0,"9":0,"10":0,"11":0,"12":0,"13":0,"14":0},"f":{"0":0,"1":0,"2":0,"3":0,"4":0,"5":0},"b":{},"meta":{"lastBranch":0,"lastFunction":6,"lastStatement":15,"seen":{"f:16:9:16:12":0,"s:17:2:17:Infinity":0,"s:22:16:22:Infinity":1,"s:23:16:23:Infinity":2,"s:24:16:24:Infinity":3,"s:26:16:78:Infinity":4,"s:82:15:82:Infinity":5,"s:83:15:83:Infinity":6,"f:85:9:85:18":1,"s:86:2:86:Infinity":7,"f:88:9:88:20":2,"s:89:2:89:Infinity":8,"f:91:9:91:12":3,"s:92:2:92:Infinity":9,"f:94:9:94:16":4,"s:95:2:95:Infinity":10,"f:97:9:97:18":5,"s:98:2:98:Infinity":11,"s:100:10:106:Infinity":12,"s:110:39:172:Infinity":13,"s:176:27:209:Infinity":14}}}
,"C:\\Users\\renna\\Desenvolvimento\\ArchFlow_BackEnd\\src\\lib\\pagination.ts": {"path":"C:\\Users\\renna\\Desenvolvimento\\ArchFlow_BackEnd\\src\\lib\\pagination.ts","statementMap":{"0":{"start":{"line":15,"column":15},"end":{"line":15,"column":null}},"1":{"start":{"line":16,"column":16},"end":{"line":16,"column":null}},"2":{"start":{"line":17,"column":8},"end":{"line":17,"column":null}},"3":{"start":{"line":18,"column":2},"end":{"line":18,"column":null}},"4":{"start":{"line":22,"column":2},"end":{"line":27,"column":null}}},"fnMap":{"0":{"name":"parsePagination","decl":{"start":{"line":14,"column":16},"end":{"line":14,"column":32}},"loc":{"start":{"line":14,"column":81},"end":{"line":19,"column":null}},"line":14},"1":{"name":"buildMeta","decl":{"start":{"line":21,"column":16},"end":{"line":21,"column":26}},"loc":{"start":{"line":21,"column":86},"end":{"line":28,"column":null}},"line":21}},"branchMap":{"0":{"loc":{"start":{"line":15,"column":36},"end":{"line":15,"column":69}},"type":"binary-expr","locations":[{"start":{"line":15,"column":36},"end":{"line":15,"column":64}},{"start":{"line":15,"column":64},"end":{"line":15,"column":69}}],"line":15},"1":{"loc":{"start":{"line":16,"column":51},"end":{"line":16,"column":86}},"type":"binary-expr","locations":[{"start":{"line":16,"column":51},"end":{"line":16,"column":80}},{"start":{"line":16,"column":80},"end":{"line":16,"column":86}}],"line":16}},"s":{"0":0,"1":0,"2":0,"3":0,"4":0},"f":{"0":0,"1":0},"b":{"0":[0,0],"1":[0,0]},"meta":{"lastBranch":2,"lastFunction":2,"lastStatement":5,"seen":{"f:14:16:14:32":0,"s:15:15:15:Infinity":0,"b:15:36:15:64:15:64:15:69":0,"s:16:16:16:Infinity":1,"b:16:51:16:80:16:80:16:86":1,"s:17:8:17:Infinity":2,"s:18:2:18:Infinity":3,"f:21:16:21:26":1,"s:22:2:27:Infinity":4}}}
,"C:\\Users\\renna\\Desenvolvimento\\ArchFlow_BackEnd\\src\\lib\\response.ts": {"path":"C:\\Users\\renna\\Desenvolvimento\\ArchFlow_BackEnd\\src\\lib\\response.ts","statementMap":{"0":{"start":{"line":18,"column":2},"end":{"line":18,"column":null}},"1":{"start":{"line":22,"column":2},"end":{"line":22,"column":null}},"2":{"start":{"line":26,"column":2},"end":{"line":26,"column":null}},"3":{"start":{"line":30,"column":2},"end":{"line":30,"column":null}},"4":{"start":{"line":34,"column":2},"end":{"line":34,"column":null}},"5":{"start":{"line":38,"column":2},"end":{"line":38,"column":null}},"6":{"start":{"line":42,"column":2},"end":{"line":42,"column":null}},"7":{"start":{"line":46,"column":2},"end":{"line":46,"column":null}},"8":{"start":{"line":50,"column":2},"end":{"line":50,"column":null}},"9":{"start":{"line":54,"column":2},"end":{"line":54,"column":null}},"10":{"start":{"line":58,"column":43},"end":{"line":58,"column":null}},"11":{"start":{"line":59,"column":2},"end":{"line":63,"column":null}},"12":{"start":{"line":60,"column":16},"end":{"line":60,"column":null}},"13":{"start":{"line":61,"column":4},"end":{"line":61,"column":null}},"14":{"start":{"line":61,"column":22},"end":{"line":61,"column":null}},"15":{"start":{"line":62,"column":4},"end":{"line":62,"column":null}},"16":{"start":{"line":64,"column":2},"end":{"line":64,"column":null}}},"fnMap":{"0":{"name":"ok","decl":{"start":{"line":17,"column":16},"end":{"line":17,"column":22}},"loc":{"start":{"line":17,"column":103},"end":{"line":19,"column":null}},"line":17},"1":{"name":"created","decl":{"start":{"line":21,"column":16},"end":{"line":21,"column":27}},"loc":{"start":{"line":21,"column":68},"end":{"line":23,"column":null}},"line":21},"2":{"name":"noContent","decl":{"start":{"line":25,"column":16},"end":{"line":25,"column":42}},"loc":{"start":{"line":25,"column":42},"end":{"line":27,"column":null}},"line":25},"3":{"name":"badRequest","decl":{"start":{"line":29,"column":16},"end":{"line":29,"column":27}},"loc":{"start":{"line":29,"column":93},"end":{"line":31,"column":null}},"line":29},"4":{"name":"unauthorized","decl":{"start":{"line":33,"column":16},"end":{"line":33,"column":29}},"loc":{"start":{"line":33,"column":69},"end":{"line":35,"column":null}},"line":33},"5":{"name":"forbidden","decl":{"start":{"line":37,"column":16},"end":{"line":37,"column":26}},"loc":{"start":{"line":37,"column":63},"end":{"line":39,"column":null}},"line":37},"6":{"name":"notFound","decl":{"start":{"line":41,"column":16},"end":{"line":41,"column":25}},"loc":{"start":{"line":41,"column":71},"end":{"line":43,"column":null}},"line":41},"7":{"name":"conflict","decl":{"start":{"line":45,"column":16},"end":{"line":45,"column":25}},"loc":{"start":{"line":45,"column":56},"end":{"line":47,"column":null}},"line":45},"8":{"name":"internalError","decl":{"start":{"line":49,"column":16},"end":{"line":49,"column":30}},"loc":{"start":{"line":49,"column":79},"end":{"line":51,"column":null}},"line":49},"9":{"name":"tooManyRequests","decl":{"start":{"line":53,"column":16},"end":{"line":53,"column":32}},"loc":{"start":{"line":53,"column":77},"end":{"line":55,"column":null}},"line":53},"10":{"name":"fromZodError","decl":{"start":{"line":57,"column":16},"end":{"line":57,"column":29}},"loc":{"start":{"line":57,"column":60},"end":{"line":65,"column":null}},"line":57}},"branchMap":{"0":{"loc":{"start":{"line":33,"column":29},"end":{"line":33,"column":69}},"type":"default-arg","locations":[{"start":{"line":33,"column":39},"end":{"line":33,"column":69}}],"line":33},"1":{"loc":{"start":{"line":37,"column":26},"end":{"line":37,"column":63}},"type":"default-arg","locations":[{"start":{"line":37,"column":36},"end":{"line":37,"column":63}}],"line":37},"2":{"loc":{"start":{"line":41,"column":25},"end":{"line":41,"column":71}},"type":"default-arg","locations":[{"start":{"line":41,"column":35},"end":{"line":41,"column":71}}],"line":41},"3":{"loc":{"start":{"line":49,"column":30},"end":{"line":49,"column":79}},"type":"default-arg","locations":[{"start":{"line":49,"column":40},"end":{"line":49,"column":79}}],"line":49},"4":{"loc":{"start":{"line":53,"column":32},"end":{"line":53,"column":77}},"type":"default-arg","locations":[{"start":{"line":53,"column":42},"end":{"line":53,"column":77}}],"line":53},"5":{"loc":{"start":{"line":61,"column":4},"end":{"line":61,"column":null}},"type":"if","locations":[{"start":{"line":61,"column":4},"end":{"line":61,"column":null}},{"start":{},"end":{}}],"line":61}},"s":{"0":4,"1":2,"2":1,"3":17,"4":5,"5":2,"6":11,"7":2,"8":6,"9":2,"10":6,"11":6,"12":10,"13":10,"14":8,"15":10,"16":6},"f":{"0":4,"1":2,"2":1,"3":17,"4":5,"5":2,"6":11,"7":2,"8":6,"9":2,"10":6},"b":{"0":[5],"1":[2],"2":[11],"3":[6],"4":[2],"5":[8,2]},"meta":{"lastBranch":6,"lastFunction":11,"lastStatement":17,"seen":{"f:17:16:17:22":0,"s:18:2:18:Infinity":0,"f:21:16:21:27":1,"s:22:2:22:Infinity":1,"f:25:16:25:42":2,"s:26:2:26:Infinity":2,"f:29:16:29:27":3,"s:30:2:30:Infinity":3,"f:33:16:33:29":4,"b:33:39:33:69":0,"s:34:2:34:Infinity":4,"f:37:16:37:26":5,"b:37:36:37:63":1,"s:38:2:38:Infinity":5,"f:41:16:41:25":6,"b:41:35:41:71":2,"s:42:2:42:Infinity":6,"f:45:16:45:25":7,"s:46:2:46:Infinity":7,"f:49:16:49:30":8,"b:49:40:49:79":3,"s:50:2:50:Infinity":8,"f:53:16:53:32":9,"b:53:42:53:77":4,"s:54:2:54:Infinity":9,"f:57:16:57:29":10,"s:58:43:58:Infinity":10,"s:59:2:63:Infinity":11,"s:60:16:60:Infinity":12,"b:61:4:61:Infinity:undefined:undefined:undefined:undefined":5,"s:61:4:61:Infinity":13,"s:61:22:61:Infinity":14,"s:62:4:62:Infinity":15,"s:64:2:64:Infinity":16}}}
,"C:\\Users\\renna\\Desenvolvimento\\ArchFlow_BackEnd\\src\\lib\\supabase-jwt.ts": {"path":"C:\\Users\\renna\\Desenvolvimento\\ArchFlow_BackEnd\\src\\lib\\supabase-jwt.ts","statementMap":{"0":{"start":{"line":21,"column":4},"end":{"line":21,"column":null}},"1":{"start":{"line":15,"column":20},"end":{"line":15,"column":null}},"2":{"start":{"line":22,"column":4},"end":{"line":22,"column":null}},"3":{"start":{"line":28,"column":53},"end":{"line":28,"column":null}},"4":{"start":{"line":31,"column":2},"end":{"line":35,"column":null}},"5":{"start":{"line":32,"column":4},"end":{"line":34,"column":null}},"6":{"start":{"line":36,"column":2},"end":{"line":36,"column":null}},"7":{"start":{"line":53,"column":2},"end":{"line":58,"column":null}},"8":{"start":{"line":54,"column":4},"end":{"line":57,"column":null}},"9":{"start":{"line":60,"column":16},"end":{"line":60,"column":null}},"10":{"start":{"line":61,"column":2},"end":{"line":63,"column":null}},"11":{"start":{"line":62,"column":4},"end":{"line":62,"column":null}},"12":{"start":{"line":65,"column":36},"end":{"line":65,"column":null}},"13":{"start":{"line":67,"column":2},"end":{"line":70,"column":null}},"14":{"start":{"line":68,"column":4},"end":{"line":68,"column":null}},"15":{"start":{"line":69,"column":4},"end":{"line":69,"column":null}},"16":{"start":{"line":72,"column":2},"end":{"line":74,"column":null}},"17":{"start":{"line":73,"column":4},"end":{"line":73,"column":null}},"18":{"start":{"line":76,"column":2},"end":{"line":76,"column":null}}},"fnMap":{"0":{"name":"(anonymous_0)","decl":{"start":{"line":14,"column":2},"end":{"line":14,"column":null}},"loc":{"start":{"line":20,"column":4},"end":{"line":23,"column":null}},"line":20},"1":{"name":"getAdmin","decl":{"start":{"line":30,"column":9},"end":{"line":30,"column":20}},"loc":{"start":{"line":30,"column":20},"end":{"line":37,"column":null}},"line":30},"2":{"name":"verifySupabaseJwt","decl":{"start":{"line":50,"column":22},"end":{"line":50,"column":null}},"loc":{"start":{"line":52,"column":31},"end":{"line":77,"column":null}},"line":52}},"branchMap":{"0":{"loc":{"start":{"line":31,"column":2},"end":{"line":35,"column":null}},"type":"if","locations":[{"start":{"line":31,"column":2},"end":{"line":35,"column":null}},{"start":{},"end":{}}],"line":31},"1":{"loc":{"start":{"line":53,"column":2},"end":{"line":58,"column":null}},"type":"if","locations":[{"start":{"line":53,"column":2},"end":{"line":58,"column":null}},{"start":{},"end":{}}],"line":53},"2":{"loc":{"start":{"line":61,"column":2},"end":{"line":63,"column":null}},"type":"if","locations":[{"start":{"line":61,"column":2},"end":{"line":63,"column":null}},{"start":{},"end":{}}],"line":61},"3":{"loc":{"start":{"line":67,"column":2},"end":{"line":70,"column":null}},"type":"if","locations":[{"start":{"line":67,"column":2},"end":{"line":70,"column":null}},{"start":{},"end":{}}],"line":67},"4":{"loc":{"start":{"line":67,"column":6},"end":{"line":67,"column":22}},"type":"binary-expr","locations":[{"start":{"line":67,"column":6},"end":{"line":67,"column":15}},{"start":{"line":67,"column":15},"end":{"line":67,"column":22}}],"line":67},"5":{"loc":{"start":{"line":72,"column":2},"end":{"line":74,"column":null}},"type":"if","locations":[{"start":{"line":72,"column":2},"end":{"line":74,"column":null}},{"start":{},"end":{}}],"line":72}},"s":{"0":0,"1":0,"2":0,"3":0,"4":0,"5":0,"6":0,"7":0,"8":0,"9":0,"10":0,"11":0,"12":0,"13":0,"14":0,"15":0,"16":0,"17":0,"18":0},"f":{"0":0,"1":0,"2":0},"b":{"0":[0,0],"1":[0,0],"2":[0,0],"3":[0,0],"4":[0,0],"5":[0,0]},"meta":{"lastBranch":6,"lastFunction":3,"lastStatement":19,"seen":{"f:14:2:14:Infinity":0,"s:21:4:21:Infinity":0,"s:15:20:15:Infinity":1,"s:22:4:22:Infinity":2,"s:28:53:28:Infinity":3,"f:30:9:30:20":1,"b:31:2:35:Infinity:undefined:undefined:undefined:undefined":0,"s:31:2:35:Infinity":4,"s:32:4:34:Infinity":5,"s:36:2:36:Infinity":6,"f:50:22:50:Infinity":2,"b:53:2:58:Infinity:undefined:undefined:undefined:undefined":1,"s:53:2:58:Infinity":7,"s:54:4:57:Infinity":8,"s:60:16:60:Infinity":9,"b:61:2:63:Infinity:undefined:undefined:undefined:undefined":2,"s:61:2:63:Infinity":10,"s:62:4:62:Infinity":11,"s:65:36:65:Infinity":12,"b:67:2:70:Infinity:undefined:undefined:undefined:undefined":3,"s:67:2:70:Infinity":13,"b:67:6:67:15:67:15:67:22":4,"s:68:4:68:Infinity":14,"s:69:4:69:Infinity":15,"b:72:2:74:Infinity:undefined:undefined:undefined:undefined":5,"s:72:2:74:Infinity":16,"s:73:4:73:Infinity":17,"s:76:2:76:Infinity":18}}}
,"C:\\Users\\renna\\Desenvolvimento\\ArchFlow_BackEnd\\src\\services\\ai.service.ts": {"path":"C:\\Users\\renna\\Desenvolvimento\\ArchFlow_BackEnd\\src\\services\\ai.service.ts","statementMap":{"0":{"start":{"line":21,"column":25},"end":{"line":53,"column":null}},"1":{"start":{"line":25,"column":40},"end":{"line":45,"column":null}},"2":{"start":{"line":47,"column":4},"end":{"line":51,"column":null}}},"fnMap":{"0":{"name":"(anonymous_0)","decl":{"start":{"line":22,"column":8},"end":{"line":22,"column":25}},"loc":{"start":{"line":22,"column":80},"end":{"line":52,"column":null}},"line":22}},"branchMap":{"0":{"loc":{"start":{"line":28,"column":85},"end":{"line":28,"column":144}},"type":"cond-expr","locations":[{"start":{"line":28,"column":106},"end":{"line":28,"column":139}},{"start":{"line":28,"column":139},"end":{"line":28,"column":144}}],"line":28},"1":{"loc":{"start":{"line":28,"column":144},"end":{"line":28,"column":193}},"type":"cond-expr","locations":[{"start":{"line":28,"column":157},"end":{"line":28,"column":190}},{"start":{"line":28,"column":190},"end":{"line":28,"column":193}}],"line":28},"2":{"loc":{"start":{"line":29,"column":25},"end":{"line":29,"column":null}},"type":"binary-expr","locations":[{"start":{"line":29,"column":25},"end":{"line":29,"column":40}},{"start":{"line":29,"column":40},"end":{"line":29,"column":null}}],"line":29},"3":{"loc":{"start":{"line":43,"column":107},"end":{"line":43,"column":184}},"type":"cond-expr","locations":[{"start":{"line":43,"column":122},"end":{"line":43,"column":181}},{"start":{"line":43,"column":181},"end":{"line":43,"column":184}}],"line":43}},"s":{"0":0,"1":0,"2":0},"f":{"0":0},"b":{"0":[0,0],"1":[0,0],"2":[0,0],"3":[0,0]},"meta":{"lastBranch":4,"lastFunction":1,"lastStatement":3,"seen":{"s:21:25:53:Infinity":0,"f:22:8:22:25":0,"s:25:40:45:Infinity":1,"b:28:106:28:139:28:139:28:144":0,"b:28:157:28:190:28:190:28:193":1,"b:29:25:29:40:29:40:29:Infinity":2,"b:43:122:43:181:43:181:43:184":3,"s:47:4:51:Infinity":2}}}
,"C:\\Users\\renna\\Desenvolvimento\\ArchFlow_BackEnd\\src\\services\\auth.service.ts": {"path":"C:\\Users\\renna\\Desenvolvimento\\ArchFlow_BackEnd\\src\\services\\auth.service.ts","statementMap":{"0":{"start":{"line":13,"column":27},"end":{"line":194,"column":null}},"1":{"start":{"line":15,"column":17},"end":{"line":15,"column":null}},"2":{"start":{"line":16,"column":4},"end":{"line":16,"column":null}},"3":{"start":{"line":16,"column":15},"end":{"line":16,"column":null}},"4":{"start":{"line":17,"column":4},"end":{"line":32,"column":null}},"5":{"start":{"line":36,"column":17},"end":{"line":36,"column":null}},"6":{"start":{"line":37,"column":4},"end":{"line":40,"column":null}},"7":{"start":{"line":38,"column":6},"end":{"line":38,"column":null}},"8":{"start":{"line":39,"column":6},"end":{"line":39,"column":null}},"9":{"start":{"line":41,"column":4},"end":{"line":44,"column":null}},"10":{"start":{"line":42,"column":6},"end":{"line":42,"column":null}},"11":{"start":{"line":43,"column":6},"end":{"line":43,"column":null}},"12":{"start":{"line":46,"column":18},"end":{"line":46,"column":null}},"13":{"start":{"line":47,"column":4},"end":{"line":50,"column":null}},"14":{"start":{"line":48,"column":6},"end":{"line":48,"column":null}},"15":{"start":{"line":49,"column":6},"end":{"line":49,"column":null}},"16":{"start":{"line":52,"column":4},"end":{"line":52,"column":null}},"17":{"start":{"line":53,"column":4},"end":{"line":53,"column":null}},"18":{"start":{"line":55,"column":10},"end":{"line":55,"column":null}},"19":{"start":{"line":56,"column":4},"end":{"line":67,"column":null}},"20":{"start":{"line":71,"column":17},"end":{"line":71,"column":null}},"21":{"start":{"line":72,"column":4},"end":{"line":72,"column":null}},"22":{"start":{"line":72,"column":33},"end":{"line":72,"column":null}},"23":{"start":{"line":74,"column":22},"end":{"line":74,"column":null}},"24":{"start":{"line":75,"column":22},"end":{"line":75,"column":null}},"25":{"start":{"line":76,"column":22},"end":{"line":76,"column":null}},"26":{"start":{"line":78,"column":4},"end":{"line":78,"column":null}},"27":{"start":{"line":79,"column":4},"end":{"line":79,"column":null}},"28":{"start":{"line":81,"column":4},"end":{"line":81,"column":null}},"29":{"start":{"line":82,"column":4},"end":{"line":82,"column":null}},"30":{"start":{"line":86,"column":22},"end":{"line":86,"column":null}},"31":{"start":{"line":87,"column":22},"end":{"line":87,"column":null}},"32":{"start":{"line":89,"column":4},"end":{"line":91,"column":null}},"33":{"start":{"line":90,"column":6},"end":{"line":90,"column":null}},"34":{"start":{"line":93,"column":19},"end":{"line":93,"column":null}},"35":{"start":{"line":94,"column":4},"end":{"line":94,"column":null}},"36":{"start":{"line":95,"column":4},"end":{"line":95,"column":null}},"37":{"start":{"line":96,"column":4},"end":{"line":96,"column":null}},"38":{"start":{"line":100,"column":15},"end":{"line":100,"column":null}},"39":{"start":{"line":102,"column":4},"end":{"line":129,"column":null}},"40":{"start":{"line":103,"column":6},"end":{"line":112,"column":null}},"41":{"start":{"line":113,"column":6},"end":{"line":113,"column":null}},"42":{"start":{"line":114,"column":6},"end":{"line":114,"column":null}},"43":{"start":{"line":116,"column":6},"end":{"line":124,"column":null}},"44":{"start":{"line":125,"column":6},"end":{"line":128,"column":null}},"45":{"start":{"line":126,"column":8},"end":{"line":126,"column":null}},"46":{"start":{"line":127,"column":8},"end":{"line":127,"column":null}},"47":{"start":{"line":131,"column":4},"end":{"line":131,"column":null}},"48":{"start":{"line":132,"column":10},"end":{"line":132,"column":null}},"49":{"start":{"line":133,"column":4},"end":{"line":146,"column":null}},"50":{"start":{"line":150,"column":21},"end":{"line":150,"column":null}},"51":{"start":{"line":152,"column":4},"end":{"line":158,"column":null}},"52":{"start":{"line":153,"column":6},"end":{"line":153,"column":null}},"53":{"start":{"line":154,"column":6},"end":{"line":156,"column":null}},"54":{"start":{"line":155,"column":8},"end":{"line":155,"column":null}},"55":{"start":{"line":157,"column":6},"end":{"line":157,"column":null}},"56":{"start":{"line":160,"column":19},"end":{"line":160,"column":null}},"57":{"start":{"line":161,"column":19},"end":{"line":172,"column":null}},"58":{"start":{"line":174,"column":4},"end":{"line":174,"column":null}},"59":{"start":{"line":175,"column":24},"end":{"line":175,"column":null}},"60":{"start":{"line":176,"column":10},"end":{"line":176,"column":null}},"61":{"start":{"line":177,"column":4},"end":{"line":177,"column":null}},"62":{"start":{"line":179,"column":4},"end":{"line":192,"column":null}}},"fnMap":{"0":{"name":"(anonymous_0)","decl":{"start":{"line":14,"column":8},"end":{"line":14,"column":11}},"loc":{"start":{"line":14,"column":27},"end":{"line":33,"column":null}},"line":14},"1":{"name":"(anonymous_1)","decl":{"start":{"line":35,"column":8},"end":{"line":35,"column":14}},"loc":{"start":{"line":35,"column":33},"end":{"line":68,"column":null}},"line":35},"2":{"name":"(anonymous_2)","decl":{"start":{"line":70,"column":8},"end":{"line":70,"column":23}},"loc":{"start":{"line":70,"column":53},"end":{"line":83,"column":null}},"line":70},"3":{"name":"(anonymous_3)","decl":{"start":{"line":85,"column":8},"end":{"line":85,"column":22}},"loc":{"start":{"line":85,"column":49},"end":{"line":97,"column":null}},"line":85},"4":{"name":"(anonymous_4)","decl":{"start":{"line":99,"column":8},"end":{"line":99,"column":21}},"loc":{"start":{"line":99,"column":102},"end":{"line":147,"column":null}},"line":99},"5":{"name":"(anonymous_5)","decl":{"start":{"line":149,"column":8},"end":{"line":149,"column":17}},"loc":{"start":{"line":149,"column":50},"end":{"line":193,"column":null}},"line":149}},"branchMap":{"0":{"loc":{"start":{"line":16,"column":4},"end":{"line":16,"column":null}},"type":"if","locations":[{"start":{"line":16,"column":4},"end":{"line":16,"column":null}},{"start":{},"end":{}}],"line":16},"1":{"loc":{"start":{"line":37,"column":4},"end":{"line":40,"column":null}},"type":"if","locations":[{"start":{"line":37,"column":4},"end":{"line":40,"column":null}},{"start":{},"end":{}}],"line":37},"2":{"loc":{"start":{"line":41,"column":4},"end":{"line":44,"column":null}},"type":"if","locations":[{"start":{"line":41,"column":4},"end":{"line":44,"column":null}},{"start":{},"end":{}}],"line":41},"3":{"loc":{"start":{"line":47,"column":4},"end":{"line":50,"column":null}},"type":"if","locations":[{"start":{"line":47,"column":4},"end":{"line":50,"column":null}},{"start":{},"end":{}}],"line":47},"4":{"loc":{"start":{"line":72,"column":4},"end":{"line":72,"column":null}},"type":"if","locations":[{"start":{"line":72,"column":4},"end":{"line":72,"column":null}},{"start":{},"end":{}}],"line":72},"5":{"loc":{"start":{"line":72,"column":8},"end":{"line":72,"column":33}},"type":"binary-expr","locations":[{"start":{"line":72,"column":8},"end":{"line":72,"column":17}},{"start":{"line":72,"column":17},"end":{"line":72,"column":33}}],"line":72},"6":{"loc":{"start":{"line":89,"column":4},"end":{"line":91,"column":null}},"type":"if","locations":[{"start":{"line":89,"column":4},"end":{"line":91,"column":null}},{"start":{},"end":{}}],"line":89},"7":{"loc":{"start":{"line":89,"column":8},"end":{"line":89,"column":65}},"type":"binary-expr","locations":[{"start":{"line":89,"column":8},"end":{"line":89,"column":19}},{"start":{"line":89,"column":19},"end":{"line":89,"column":34}},{"start":{"line":89,"column":34},"end":{"line":89,"column":65}}],"line":89},"8":{"loc":{"start":{"line":102,"column":4},"end":{"line":129,"column":null}},"type":"if","locations":[{"start":{"line":102,"column":4},"end":{"line":129,"column":null}},{"start":{"line":115,"column":11},"end":{"line":129,"column":null}}],"line":102},"9":{"loc":{"start":{"line":107,"column":21},"end":{"line":107,"column":null}},"type":"binary-expr","locations":[{"start":{"line":107,"column":21},"end":{"line":107,"column":36}},{"start":{"line":107,"column":36},"end":{"line":107,"column":null}}],"line":107},"10":{"loc":{"start":{"line":120,"column":21},"end":{"line":120,"column":null}},"type":"binary-expr","locations":[{"start":{"line":120,"column":21},"end":{"line":120,"column":36}},{"start":{"line":120,"column":36},"end":{"line":120,"column":50}},{"start":{"line":120,"column":50},"end":{"line":120,"column":null}}],"line":120},"11":{"loc":{"start":{"line":121,"column":21},"end":{"line":121,"column":null}},"type":"binary-expr","locations":[{"start":{"line":121,"column":21},"end":{"line":121,"column":38}},{"start":{"line":121,"column":38},"end":{"line":121,"column":null}}],"line":121},"12":{"loc":{"start":{"line":125,"column":6},"end":{"line":128,"column":null}},"type":"if","locations":[{"start":{"line":125,"column":6},"end":{"line":128,"column":null}},{"start":{},"end":{}}],"line":125},"13":{"loc":{"start":{"line":152,"column":4},"end":{"line":158,"column":null}},"type":"if","locations":[{"start":{"line":152,"column":4},"end":{"line":158,"column":null}},{"start":{},"end":{}}],"line":152},"14":{"loc":{"start":{"line":154,"column":6},"end":{"line":156,"column":null}},"type":"if","locations":[{"start":{"line":154,"column":6},"end":{"line":156,"column":null}},{"start":{},"end":{}}],"line":154},"15":{"loc":{"start":{"line":154,"column":10},"end":{"line":154,"column":51}},"type":"binary-expr","locations":[{"start":{"line":154,"column":10},"end":{"line":154,"column":32}},{"start":{"line":154,"column":32},"end":{"line":154,"column":51}}],"line":154},"16":{"loc":{"start":{"line":177,"column":104},"end":{"line":177,"column":141}},"type":"binary-expr","locations":[{"start":{"line":177,"column":104},"end":{"line":177,"column":131}},{"start":{"line":177,"column":131},"end":{"line":177,"column":141}}],"line":177}},"s":{"0":1,"1":2,"2":2,"3":1,"4":1,"5":4,"6":4,"7":1,"8":1,"9":3,"10":1,"11":1,"12":2,"13":2,"14":1,"15":1,"16":1,"17":1,"18":1,"19":1,"20":3,"21":3,"22":2,"23":1,"24":1,"25":1,"26":1,"27":1,"28":1,"29":1,"30":4,"31":4,"32":4,"33":3,"34":1,"35":1,"36":1,"37":1,"38":0,"39":0,"40":0,"41":0,"42":0,"43":0,"44":0,"45":0,"46":0,"47":0,"48":0,"49":0,"50":1,"51":1,"52":1,"53":1,"54":0,"55":1,"56":0,"57":0,"58":0,"59":0,"60":0,"61":0,"62":1},"f":{"0":2,"1":4,"2":3,"3":4,"4":0,"5":1},"b":{"0":[1,1],"1":[1,3],"2":[1,2],"3":[1,1],"4":[2,1],"5":[3,2],"6":[3,1],"7":[4,3,2],"8":[0,0],"9":[0,0],"10":[0,0,0],"11":[0,0],"12":[0,0],"13":[1,0],"14":[0,1],"15":[1,0],"16":[0,0]},"meta":{"lastBranch":17,"lastFunction":6,"lastStatement":63,"seen":{"s:13:27:194:Infinity":0,"f:14:8:14:11":0,"s:15:17:15:Infinity":1,"b:16:4:16:Infinity:undefined:undefined:undefined:undefined":0,"s:16:4:16:Infinity":2,"s:16:15:16:Infinity":3,"s:17:4:32:Infinity":4,"f:35:8:35:14":1,"s:36:17:36:Infinity":5,"b:37:4:40:Infinity:undefined:undefined:undefined:undefined":1,"s:37:4:40:Infinity":6,"s:38:6:38:Infinity":7,"s:39:6:39:Infinity":8,"b:41:4:44:Infinity:undefined:undefined:undefined:undefined":2,"s:41:4:44:Infinity":9,"s:42:6:42:Infinity":10,"s:43:6:43:Infinity":11,"s:46:18:46:Infinity":12,"b:47:4:50:Infinity:undefined:undefined:undefined:undefined":3,"s:47:4:50:Infinity":13,"s:48:6:48:Infinity":14,"s:49:6:49:Infinity":15,"s:52:4:52:Infinity":16,"s:53:4:53:Infinity":17,"s:55:10:55:Infinity":18,"s:56:4:67:Infinity":19,"f:70:8:70:23":2,"s:71:17:71:Infinity":20,"b:72:4:72:Infinity:undefined:undefined:undefined:undefined":4,"s:72:4:72:Infinity":21,"b:72:8:72:17:72:17:72:33":5,"s:72:33:72:Infinity":22,"s:74:22:74:Infinity":23,"s:75:22:75:Infinity":24,"s:76:22:76:Infinity":25,"s:78:4:78:Infinity":26,"s:79:4:79:Infinity":27,"s:81:4:81:Infinity":28,"s:82:4:82:Infinity":29,"f:85:8:85:22":3,"s:86:22:86:Infinity":30,"s:87:22:87:Infinity":31,"b:89:4:91:Infinity:undefined:undefined:undefined:undefined":6,"s:89:4:91:Infinity":32,"b:89:8:89:19:89:19:89:34:89:34:89:65":7,"s:90:6:90:Infinity":33,"s:93:19:93:Infinity":34,"s:94:4:94:Infinity":35,"s:95:4:95:Infinity":36,"s:96:4:96:Infinity":37,"f:99:8:99:21":4,"s:100:15:100:Infinity":38,"b:102:4:129:Infinity:115:11:129:Infinity":8,"s:102:4:129:Infinity":39,"s:103:6:112:Infinity":40,"b:107:21:107:36:107:36:107:Infinity":9,"s:113:6:113:Infinity":41,"s:114:6:114:Infinity":42,"s:116:6:124:Infinity":43,"b:120:21:120:36:120:36:120:50:120:50:120:Infinity":10,"b:121:21:121:38:121:38:121:Infinity":11,"b:125:6:128:Infinity:undefined:undefined:undefined:undefined":12,"s:125:6:128:Infinity":44,"s:126:8:126:Infinity":45,"s:127:8:127:Infinity":46,"s:131:4:131:Infinity":47,"s:132:10:132:Infinity":48,"s:133:4:146:Infinity":49,"f:149:8:149:17":5,"s:150:21:150:Infinity":50,"b:152:4:158:Infinity:undefined:undefined:undefined:undefined":13,"s:152:4:158:Infinity":51,"s:153:6:153:Infinity":52,"b:154:6:156:Infinity:undefined:undefined:undefined:undefined":14,"s:154:6:156:Infinity":53,"b:154:10:154:32:154:32:154:51":15,"s:155:8:155:Infinity":54,"s:157:6:157:Infinity":55,"s:160:19:160:Infinity":56,"s:161:19:172:Infinity":57,"s:174:4:174:Infinity":58,"s:175:24:175:Infinity":59,"s:176:10:176:Infinity":60,"s:177:4:177:Infinity":61,"b:177:104:177:131:177:131:177:141":16,"s:179:4:192:Infinity":62}}}
,"C:\\Users\\renna\\Desenvolvimento\\ArchFlow_BackEnd\\src\\services\\branding.service.ts": {"path":"C:\\Users\\renna\\Desenvolvimento\\ArchFlow_BackEnd\\src\\services\\branding.service.ts","statementMap":{"0":{"start":{"line":5,"column":31},"end":{"line":61,"column":null}},"1":{"start":{"line":7,"column":21},"end":{"line":7,"column":null}},"2":{"start":{"line":9,"column":4},"end":{"line":9,"column":null}},"3":{"start":{"line":9,"column":19},"end":{"line":9,"column":null}},"4":{"start":{"line":12,"column":22},"end":{"line":12,"column":null}},"5":{"start":{"line":13,"column":4},"end":{"line":13,"column":null}},"6":{"start":{"line":17,"column":4},"end":{"line":17,"column":null}},"7":{"start":{"line":18,"column":4},"end":{"line":18,"column":null}},"8":{"start":{"line":22,"column":19},"end":{"line":22,"column":null}},"9":{"start":{"line":27,"column":9},"end":{"line":31,"column":null}},"10":{"start":{"line":33,"column":36},"end":{"line":33,"column":null}},"11":{"start":{"line":35,"column":4},"end":{"line":38,"column":null}},"12":{"start":{"line":40,"column":4},"end":{"line":40,"column":null}},"13":{"start":{"line":45,"column":21},"end":{"line":45,"column":null}},"14":{"start":{"line":46,"column":4},"end":{"line":46,"column":null}},"15":{"start":{"line":46,"column":19},"end":{"line":46,"column":null}},"16":{"start":{"line":48,"column":4},"end":{"line":59,"column":null}},"17":{"start":{"line":64,"column":2},"end":{"line":64,"column":null}},"18":{"start":{"line":64,"column":17},"end":{"line":64,"column":null}},"19":{"start":{"line":66,"column":71},"end":{"line":70,"column":null}},"20":{"start":{"line":72,"column":42},"end":{"line":72,"column":null}},"21":{"start":{"line":74,"column":2},"end":{"line":84,"column":null}},"22":{"start":{"line":76,"column":26},"end":{"line":76,"column":null}},"23":{"start":{"line":77,"column":6},"end":{"line":77,"column":null}},"24":{"start":{"line":77,"column":24},"end":{"line":77,"column":null}},"25":{"start":{"line":78,"column":6},"end":{"line":82,"column":null}},"26":{"start":{"line":79,"column":8},"end":{"line":79,"column":null}},"27":{"start":{"line":86,"column":2},"end":{"line":86,"column":null}}},"fnMap":{"0":{"name":"(anonymous_0)","decl":{"start":{"line":6,"column":8},"end":{"line":6,"column":12}},"loc":{"start":{"line":6,"column":28},"end":{"line":14,"column":null}},"line":6},"1":{"name":"(anonymous_1)","decl":{"start":{"line":16,"column":8},"end":{"line":16,"column":15}},"loc":{"start":{"line":16,"column":59},"end":{"line":19,"column":null}},"line":16},"2":{"name":"(anonymous_2)","decl":{"start":{"line":21,"column":8},"end":{"line":21,"column":20}},"loc":{"start":{"line":21,"column":78},"end":{"line":41,"column":null}},"line":21},"3":{"name":"(anonymous_3)","decl":{"start":{"line":44,"column":8},"end":{"line":44,"column":27}},"loc":{"start":{"line":44,"column":43},"end":{"line":60,"column":null}},"line":44},"4":{"name":"refreshAssetUrls","decl":{"start":{"line":63,"column":15},"end":{"line":63,"column":32}},"loc":{"start":{"line":63,"column":101},"end":{"line":87,"column":null}},"line":63},"5":{"name":"(anonymous_5)","decl":{"start":{"line":75,"column":14},"end":{"line":75,"column":21}},"loc":{"start":{"line":75,"column":43},"end":{"line":83,"column":5}},"line":75}},"branchMap":{"0":{"loc":{"start":{"line":9,"column":4},"end":{"line":9,"column":null}},"type":"if","locations":[{"start":{"line":9,"column":4},"end":{"line":9,"column":null}},{"start":{},"end":{}}],"line":9},"1":{"loc":{"start":{"line":46,"column":4},"end":{"line":46,"column":null}},"type":"if","locations":[{"start":{"line":46,"column":4},"end":{"line":46,"column":null}},{"start":{},"end":{}}],"line":46},"2":{"loc":{"start":{"line":64,"column":2},"end":{"line":64,"column":null}},"type":"if","locations":[{"start":{"line":64,"column":2},"end":{"line":64,"column":null}},{"start":{},"end":{}}],"line":64},"3":{"loc":{"start":{"line":77,"column":6},"end":{"line":77,"column":null}},"type":"if","locations":[{"start":{"line":77,"column":6},"end":{"line":77,"column":null}},{"start":{},"end":{}}],"line":77}},"s":{"0":0,"1":0,"2":0,"3":0,"4":0,"5":0,"6":0,"7":0,"8":0,"9":0,"10":0,"11":0,"12":0,"13":0,"14":0,"15":0,"16":0,"17":0,"18":0,"19":0,"20":0,"21":0,"22":0,"23":0,"24":0,"25":0,"26":0,"27":0},"f":{"0":0,"1":0,"2":0,"3":0,"4":0,"5":0},"b":{"0":[0,0],"1":[0,0],"2":[0,0],"3":[0,0]},"meta":{"lastBranch":4,"lastFunction":6,"lastStatement":28,"seen":{"s:5:31:61:Infinity":0,"f:6:8:6:12":0,"s:7:21:7:Infinity":1,"b:9:4:9:Infinity:undefined:undefined:undefined:undefined":0,"s:9:4:9:Infinity":2,"s:9:19:9:Infinity":3,"s:12:22:12:Infinity":4,"s:13:4:13:Infinity":5,"f:16:8:16:15":1,"s:17:4:17:Infinity":6,"s:18:4:18:Infinity":7,"f:21:8:21:20":2,"s:22:19:22:Infinity":8,"s:27:9:31:Infinity":9,"s:33:36:33:Infinity":10,"s:35:4:38:Infinity":11,"s:40:4:40:Infinity":12,"f:44:8:44:27":3,"s:45:21:45:Infinity":13,"b:46:4:46:Infinity:undefined:undefined:undefined:undefined":1,"s:46:4:46:Infinity":14,"s:46:19:46:Infinity":15,"s:48:4:59:Infinity":16,"f:63:15:63:32":4,"b:64:2:64:Infinity:undefined:undefined:undefined:undefined":2,"s:64:2:64:Infinity":17,"s:64:17:64:Infinity":18,"s:66:71:70:Infinity":19,"s:72:42:72:Infinity":20,"s:74:2:84:Infinity":21,"f:75:14:75:21":5,"s:76:26:76:Infinity":22,"b:77:6:77:Infinity:undefined:undefined:undefined:undefined":3,"s:77:6:77:Infinity":23,"s:77:24:77:Infinity":24,"s:78:6:82:Infinity":25,"s:79:8:79:Infinity":26,"s:86:2:86:Infinity":27}}}
,"C:\\Users\\renna\\Desenvolvimento\\ArchFlow_BackEnd\\src\\services\\briefing.service.ts": {"path":"C:\\Users\\renna\\Desenvolvimento\\ArchFlow_BackEnd\\src\\services\\briefing.service.ts","statementMap":{"0":{"start":{"line":6,"column":31},"end":{"line":19,"column":null}},"1":{"start":{"line":8,"column":16},"end":{"line":8,"column":null}},"2":{"start":{"line":9,"column":4},"end":{"line":9,"column":null}},"3":{"start":{"line":9,"column":14},"end":{"line":9,"column":null}},"4":{"start":{"line":10,"column":21},"end":{"line":10,"column":null}},"5":{"start":{"line":11,"column":4},"end":{"line":11,"column":null}},"6":{"start":{"line":15,"column":16},"end":{"line":15,"column":null}},"7":{"start":{"line":16,"column":4},"end":{"line":16,"column":null}},"8":{"start":{"line":16,"column":14},"end":{"line":16,"column":null}},"9":{"start":{"line":17,"column":4},"end":{"line":17,"column":null}}},"fnMap":{"0":{"name":"(anonymous_0)","decl":{"start":{"line":7,"column":8},"end":{"line":7,"column":12}},"loc":{"start":{"line":7,"column":51},"end":{"line":12,"column":null}},"line":7},"1":{"name":"(anonymous_1)","decl":{"start":{"line":14,"column":8},"end":{"line":14,"column":15}},"loc":{"start":{"line":14,"column":82},"end":{"line":18,"column":null}},"line":14}},"branchMap":{"0":{"loc":{"start":{"line":9,"column":4},"end":{"line":9,"column":null}},"type":"if","locations":[{"start":{"line":9,"column":4},"end":{"line":9,"column":null}},{"start":{},"end":{}}],"line":9},"1":{"loc":{"start":{"line":11,"column":11},"end":{"line":11,"column":null}},"type":"binary-expr","locations":[{"start":{"line":11,"column":11},"end":{"line":11,"column":23}},{"start":{"line":11,"column":23},"end":{"line":11,"column":null}}],"line":11},"2":{"loc":{"start":{"line":16,"column":4},"end":{"line":16,"column":null}},"type":"if","locations":[{"start":{"line":16,"column":4},"end":{"line":16,"column":null}},{"start":{},"end":{}}],"line":16}},"s":{"0":0,"1":0,"2":0,"3":0,"4":0,"5":0,"6":0,"7":0,"8":0,"9":0},"f":{"0":0,"1":0},"b":{"0":[0,0],"1":[0,0],"2":[0,0]},"meta":{"lastBranch":3,"lastFunction":2,"lastStatement":10,"seen":{"s:6:31:19:Infinity":0,"f:7:8:7:12":0,"s:8:16:8:Infinity":1,"b:9:4:9:Infinity:undefined:undefined:undefined:undefined":0,"s:9:4:9:Infinity":2,"s:9:14:9:Infinity":3,"s:10:21:10:Infinity":4,"s:11:4:11:Infinity":5,"b:11:11:11:23:11:23:11:Infinity":1,"f:14:8:14:15":1,"s:15:16:15:Infinity":6,"b:16:4:16:Infinity:undefined:undefined:undefined:undefined":2,"s:16:4:16:Infinity":7,"s:16:14:16:Infinity":8,"s:17:4:17:Infinity":9}}}
,"C:\\Users\\renna\\Desenvolvimento\\ArchFlow_BackEnd\\src\\services\\client.service.ts": {"path":"C:\\Users\\renna\\Desenvolvimento\\ArchFlow_BackEnd\\src\\services\\client.service.ts","statementMap":{"0":{"start":{"line":6,"column":29},"end":{"line":39,"column":null}},"1":{"start":{"line":8,"column":28},"end":{"line":8,"column":null}},"2":{"start":{"line":9,"column":4},"end":{"line":9,"column":null}},"3":{"start":{"line":13,"column":19},"end":{"line":13,"column":null}},"4":{"start":{"line":14,"column":4},"end":{"line":14,"column":null}},"5":{"start":{"line":14,"column":17},"end":{"line":14,"column":null}},"6":{"start":{"line":15,"column":4},"end":{"line":15,"column":null}},"7":{"start":{"line":19,"column":4},"end":{"line":26,"column":null}},"8":{"start":{"line":30,"column":4},"end":{"line":30,"column":null}},"9":{"start":{"line":31,"column":4},"end":{"line":31,"column":null}},"10":{"start":{"line":32,"column":4},"end":{"line":32,"column":null}},"11":{"start":{"line":36,"column":4},"end":{"line":36,"column":null}},"12":{"start":{"line":37,"column":4},"end":{"line":37,"column":null}}},"fnMap":{"0":{"name":"(anonymous_0)","decl":{"start":{"line":7,"column":8},"end":{"line":7,"column":13}},"loc":{"start":{"line":7,"column":54},"end":{"line":10,"column":null}},"line":7},"1":{"name":"(anonymous_1)","decl":{"start":{"line":12,"column":8},"end":{"line":12,"column":16}},"loc":{"start":{"line":12,"column":44},"end":{"line":16,"column":null}},"line":12},"2":{"name":"(anonymous_2)","decl":{"start":{"line":18,"column":8},"end":{"line":18,"column":15}},"loc":{"start":{"line":18,"column":57},"end":{"line":27,"column":null}},"line":18},"3":{"name":"(anonymous_3)","decl":{"start":{"line":29,"column":8},"end":{"line":29,"column":15}},"loc":{"start":{"line":29,"column":69},"end":{"line":33,"column":null}},"line":29},"4":{"name":"(anonymous_4)","decl":{"start":{"line":35,"column":8},"end":{"line":35,"column":15}},"loc":{"start":{"line":35,"column":43},"end":{"line":38,"column":null}},"line":35}},"branchMap":{"0":{"loc":{"start":{"line":14,"column":4},"end":{"line":14,"column":null}},"type":"if","locations":[{"start":{"line":14,"column":4},"end":{"line":14,"column":null}},{"start":{},"end":{}}],"line":14}},"s":{"0":0,"1":0,"2":0,"3":0,"4":0,"5":0,"6":0,"7":0,"8":0,"9":0,"10":0,"11":0,"12":0},"f":{"0":0,"1":0,"2":0,"3":0,"4":0},"b":{"0":[0,0]},"meta":{"lastBranch":1,"lastFunction":5,"lastStatement":13,"seen":{"s:6:29:39:Infinity":0,"f:7:8:7:13":0,"s:8:28:8:Infinity":1,"s:9:4:9:Infinity":2,"f:12:8:12:16":1,"s:13:19:13:Infinity":3,"b:14:4:14:Infinity:undefined:undefined:undefined:undefined":0,"s:14:4:14:Infinity":4,"s:14:17:14:Infinity":5,"s:15:4:15:Infinity":6,"f:18:8:18:15":2,"s:19:4:26:Infinity":7,"f:29:8:29:15":3,"s:30:4:30:Infinity":8,"s:31:4:31:Infinity":9,"s:32:4:32:Infinity":10,"f:35:8:35:15":4,"s:36:4:36:Infinity":11,"s:37:4:37:Infinity":12}}}
,"C:\\Users\\renna\\Desenvolvimento\\ArchFlow_BackEnd\\src\\services\\dashboard.service.ts": {"path":"C:\\Users\\renna\\Desenvolvimento\\ArchFlow_BackEnd\\src\\services\\dashboard.service.ts","statementMap":{"0":{"start":{"line":6,"column":42},"end":{"line":6,"column":null}},"1":{"start":{"line":8,"column":32},"end":{"line":88,"column":null}},"2":{"start":{"line":17,"column":8},"end":{"line":44,"column":null}},"3":{"start":{"line":47,"column":27},"end":{"line":47,"column":null}},"4":{"start":{"line":48,"column":27},"end":{"line":48,"column":null}},"5":{"start":{"line":49,"column":27},"end":{"line":49,"column":null}},"6":{"start":{"line":50,"column":72},"end":{"line":50,"column":null}},"7":{"start":{"line":52,"column":4},"end":{"line":60,"column":null}},"8":{"start":{"line":53,"column":20},"end":{"line":53,"column":null}},"9":{"start":{"line":54,"column":20},"end":{"line":54,"column":null}},"10":{"start":{"line":55,"column":20},"end":{"line":55,"column":null}},"11":{"start":{"line":56,"column":6},"end":{"line":56,"column":null}},"12":{"start":{"line":57,"column":6},"end":{"line":57,"column":null}},"13":{"start":{"line":58,"column":6},"end":{"line":58,"column":null}},"14":{"start":{"line":59,"column":6},"end":{"line":59,"column":null}},"15":{"start":{"line":62,"column":25},"end":{"line":64,"column":null}},"16":{"start":{"line":66,"column":4},"end":{"line":86,"column":null}},"17":{"start":{"line":77,"column":46},"end":{"line":84,"column":10}},"18":{"start":{"line":91,"column":38},"end":{"line":94,"column":null}},"19":{"start":{"line":95,"column":2},"end":{"line":95,"column":null}},"20":{"start":{"line":99,"column":2},"end":{"line":99,"column":null}}},"fnMap":{"0":{"name":"(anonymous_0)","decl":{"start":{"line":9,"column":8},"end":{"line":9,"column":24}},"loc":{"start":{"line":9,"column":40},"end":{"line":87,"column":null}},"line":9},"1":{"name":"(anonymous_1)","decl":{"start":{"line":77,"column":34},"end":{"line":77,"column":39}},"loc":{"start":{"line":77,"column":46},"end":{"line":84,"column":10}},"line":77},"2":{"name":"stageProbability","decl":{"start":{"line":90,"column":9},"end":{"line":90,"column":26}},"loc":{"start":{"line":90,"column":49},"end":{"line":96,"column":null}},"line":90},"3":{"name":"round2","decl":{"start":{"line":98,"column":9},"end":{"line":98,"column":16}},"loc":{"start":{"line":98,"column":27},"end":{"line":100,"column":null}},"line":98}},"branchMap":{"0":{"loc":{"start":{"line":53,"column":20},"end":{"line":53,"column":null}},"type":"binary-expr","locations":[{"start":{"line":53,"column":20},"end":{"line":53,"column":47}},{"start":{"line":53,"column":47},"end":{"line":53,"column":null}}],"line":53},"1":{"loc":{"start":{"line":62,"column":25},"end":{"line":64,"column":null}},"type":"cond-expr","locations":[{"start":{"line":63,"column":8},"end":{"line":63,"column":null}},{"start":{"line":64,"column":8},"end":{"line":64,"column":null}}],"line":62},"2":{"loc":{"start":{"line":71,"column":37},"end":{"line":71,"column":79}},"type":"binary-expr","locations":[{"start":{"line":71,"column":37},"end":{"line":71,"column":78}},{"start":{"line":71,"column":78},"end":{"line":71,"column":79}}],"line":71},"3":{"loc":{"start":{"line":72,"column":37},"end":{"line":72,"column":79}},"type":"binary-expr","locations":[{"start":{"line":72,"column":37},"end":{"line":72,"column":78}},{"start":{"line":72,"column":78},"end":{"line":72,"column":79}}],"line":72},"4":{"loc":{"start":{"line":95,"column":9},"end":{"line":95,"column":null}},"type":"binary-expr","locations":[{"start":{"line":95,"column":9},"end":{"line":95,"column":23}},{"start":{"line":95,"column":23},"end":{"line":95,"column":null}}],"line":95}},"s":{"0":0,"1":0,"2":0,"3":0,"4":0,"5":0,"6":0,"7":0,"8":0,"9":0,"10":0,"11":0,"12":0,"13":0,"14":0,"15":0,"16":0,"17":0,"18":0,"19":0,"20":0},"f":{"0":0,"1":0,"2":0,"3":0},"b":{"0":[0,0],"1":[0,0],"2":[0,0],"3":[0,0],"4":[0,0]},"meta":{"lastBranch":5,"lastFunction":4,"lastStatement":21,"seen":{"s:6:42:6:Infinity":0,"s:8:32:88:Infinity":1,"f:9:8:9:24":0,"s:17:8:44:Infinity":2,"s:47:27:47:Infinity":3,"s:48:27:48:Infinity":4,"s:49:27:49:Infinity":5,"s:50:72:50:Infinity":6,"s:52:4:60:Infinity":7,"s:53:20:53:Infinity":8,"b:53:20:53:47:53:47:53:Infinity":0,"s:54:20:54:Infinity":9,"s:55:20:55:Infinity":10,"s:56:6:56:Infinity":11,"s:57:6:57:Infinity":12,"s:58:6:58:Infinity":13,"s:59:6:59:Infinity":14,"s:62:25:64:Infinity":15,"b:63:8:63:Infinity:64:8:64:Infinity":1,"s:66:4:86:Infinity":16,"b:71:37:71:78:71:78:71:79":2,"b:72:37:72:78:72:78:72:79":3,"f:77:34:77:39":1,"s:77:46:84:10":17,"f:90:9:90:26":2,"s:91:38:94:Infinity":18,"s:95:2:95:Infinity":19,"b:95:9:95:23:95:23:95:Infinity":4,"f:98:9:98:16":3,"s:99:2:99:Infinity":20}}}
,"C:\\Users\\renna\\Desenvolvimento\\ArchFlow_BackEnd\\src\\services\\followup.service.ts": {"path":"C:\\Users\\renna\\Desenvolvimento\\ArchFlow_BackEnd\\src\\services\\followup.service.ts","statementMap":{"0":{"start":{"line":6,"column":31},"end":{"line":51,"column":null}},"1":{"start":{"line":8,"column":16},"end":{"line":8,"column":null}},"2":{"start":{"line":9,"column":4},"end":{"line":9,"column":null}},"3":{"start":{"line":9,"column":14},"end":{"line":9,"column":null}},"4":{"start":{"line":10,"column":4},"end":{"line":10,"column":null}},"5":{"start":{"line":14,"column":4},"end":{"line":14,"column":null}},"6":{"start":{"line":18,"column":4},"end":{"line":18,"column":null}},"7":{"start":{"line":22,"column":16},"end":{"line":22,"column":null}},"8":{"start":{"line":23,"column":4},"end":{"line":23,"column":null}},"9":{"start":{"line":23,"column":14},"end":{"line":23,"column":null}},"10":{"start":{"line":25,"column":4},"end":{"line":30,"column":null}},"11":{"start":{"line":34,"column":21},"end":{"line":34,"column":null}},"12":{"start":{"line":35,"column":4},"end":{"line":35,"column":null}},"13":{"start":{"line":35,"column":19},"end":{"line":35,"column":null}},"14":{"start":{"line":37,"column":4},"end":{"line":41,"column":null}},"15":{"start":{"line":43,"column":4},"end":{"line":43,"column":null}},"16":{"start":{"line":47,"column":21},"end":{"line":47,"column":null}},"17":{"start":{"line":48,"column":4},"end":{"line":48,"column":null}},"18":{"start":{"line":48,"column":19},"end":{"line":48,"column":null}},"19":{"start":{"line":49,"column":4},"end":{"line":49,"column":null}}},"fnMap":{"0":{"name":"(anonymous_0)","decl":{"start":{"line":7,"column":8},"end":{"line":7,"column":26}},"loc":{"start":{"line":7,"column":65},"end":{"line":11,"column":null}},"line":7},"1":{"name":"(anonymous_1)","decl":{"start":{"line":13,"column":8},"end":{"line":13,"column":20}},"loc":{"start":{"line":13,"column":36},"end":{"line":15,"column":null}},"line":13},"2":{"name":"(anonymous_2)","decl":{"start":{"line":17,"column":8},"end":{"line":17,"column":20}},"loc":{"start":{"line":17,"column":36},"end":{"line":19,"column":null}},"line":17},"3":{"name":"(anonymous_3)","decl":{"start":{"line":21,"column":8},"end":{"line":21,"column":15}},"loc":{"start":{"line":21,"column":82},"end":{"line":31,"column":null}},"line":21},"4":{"name":"(anonymous_4)","decl":{"start":{"line":33,"column":8},"end":{"line":33,"column":15}},"loc":{"start":{"line":33,"column":71},"end":{"line":44,"column":null}},"line":33},"5":{"name":"(anonymous_5)","decl":{"start":{"line":46,"column":8},"end":{"line":46,"column":15}},"loc":{"start":{"line":46,"column":43},"end":{"line":50,"column":null}},"line":46}},"branchMap":{"0":{"loc":{"start":{"line":9,"column":4},"end":{"line":9,"column":null}},"type":"if","locations":[{"start":{"line":9,"column":4},"end":{"line":9,"column":null}},{"start":{},"end":{}}],"line":9},"1":{"loc":{"start":{"line":23,"column":4},"end":{"line":23,"column":null}},"type":"if","locations":[{"start":{"line":23,"column":4},"end":{"line":23,"column":null}},{"start":{},"end":{}}],"line":23},"2":{"loc":{"start":{"line":35,"column":4},"end":{"line":35,"column":null}},"type":"if","locations":[{"start":{"line":35,"column":4},"end":{"line":35,"column":null}},{"start":{},"end":{}}],"line":35},"3":{"loc":{"start":{"line":38,"column":10},"end":{"line":38,"column":null}},"type":"binary-expr","locations":[{"start":{"line":38,"column":10},"end":{"line":38,"column":35}},{"start":{"line":38,"column":35},"end":{"line":38,"column":null}}],"line":38},"4":{"loc":{"start":{"line":39,"column":10},"end":{"line":39,"column":null}},"type":"binary-expr","locations":[{"start":{"line":39,"column":10},"end":{"line":39,"column":49}},{"start":{"line":39,"column":49},"end":{"line":39,"column":null}}],"line":39},"5":{"loc":{"start":{"line":40,"column":10},"end":{"line":40,"column":null}},"type":"binary-expr","locations":[{"start":{"line":40,"column":10},"end":{"line":40,"column":49}},{"start":{"line":40,"column":49},"end":{"line":40,"column":null}}],"line":40},"6":{"loc":{"start":{"line":48,"column":4},"end":{"line":48,"column":null}},"type":"if","locations":[{"start":{"line":48,"column":4},"end":{"line":48,"column":null}},{"start":{},"end":{}}],"line":48}},"s":{"0":0,"1":0,"2":0,"3":0,"4":0,"5":0,"6":0,"7":0,"8":0,"9":0,"10":0,"11":0,"12":0,"13":0,"14":0,"15":0,"16":0,"17":0,"18":0,"19":0},"f":{"0":0,"1":0,"2":0,"3":0,"4":0,"5":0},"b":{"0":[0,0],"1":[0,0],"2":[0,0],"3":[0,0],"4":[0,0],"5":[0,0],"6":[0,0]},"meta":{"lastBranch":7,"lastFunction":6,"lastStatement":20,"seen":{"s:6:31:51:Infinity":0,"f:7:8:7:26":0,"s:8:16:8:Infinity":1,"b:9:4:9:Infinity:undefined:undefined:undefined:undefined":0,"s:9:4:9:Infinity":2,"s:9:14:9:Infinity":3,"s:10:4:10:Infinity":4,"f:13:8:13:20":1,"s:14:4:14:Infinity":5,"f:17:8:17:20":2,"s:18:4:18:Infinity":6,"f:21:8:21:15":3,"s:22:16:22:Infinity":7,"b:23:4:23:Infinity:undefined:undefined:undefined:undefined":1,"s:23:4:23:Infinity":8,"s:23:14:23:Infinity":9,"s:25:4:30:Infinity":10,"f:33:8:33:15":4,"s:34:21:34:Infinity":11,"b:35:4:35:Infinity:undefined:undefined:undefined:undefined":2,"s:35:4:35:Infinity":12,"s:35:19:35:Infinity":13,"s:37:4:41:Infinity":14,"b:38:10:38:35:38:35:38:Infinity":3,"b:39:10:39:49:39:49:39:Infinity":4,"b:40:10:40:49:40:49:40:Infinity":5,"s:43:4:43:Infinity":15,"f:46:8:46:15":5,"s:47:21:47:Infinity":16,"b:48:4:48:Infinity:undefined:undefined:undefined:undefined":6,"s:48:4:48:Infinity":17,"s:48:19:48:Infinity":18,"s:49:4:49:Infinity":19}}}
,"C:\\Users\\renna\\Desenvolvimento\\ArchFlow_BackEnd\\src\\services\\instance.service.ts": {"path":"C:\\Users\\renna\\Desenvolvimento\\ArchFlow_BackEnd\\src\\services\\instance.service.ts","statementMap":{"0":{"start":{"line":5,"column":31},"end":{"line":33,"column":null}},"1":{"start":{"line":7,"column":28},"end":{"line":7,"column":null}},"2":{"start":{"line":8,"column":10},"end":{"line":8,"column":null}},"3":{"start":{"line":9,"column":4},"end":{"line":9,"column":null}},"4":{"start":{"line":13,"column":21},"end":{"line":13,"column":null}},"5":{"start":{"line":14,"column":4},"end":{"line":14,"column":null}},"6":{"start":{"line":14,"column":19},"end":{"line":14,"column":null}},"7":{"start":{"line":15,"column":4},"end":{"line":15,"column":null}},"8":{"start":{"line":19,"column":21},"end":{"line":19,"column":null}},"9":{"start":{"line":20,"column":4},"end":{"line":20,"column":null}},"10":{"start":{"line":20,"column":19},"end":{"line":20,"column":null}},"11":{"start":{"line":21,"column":4},"end":{"line":31,"column":null}}},"fnMap":{"0":{"name":"(anonymous_0)","decl":{"start":{"line":6,"column":8},"end":{"line":6,"column":13}},"loc":{"start":{"line":6,"column":40},"end":{"line":10,"column":null}},"line":6},"1":{"name":"(anonymous_1)","decl":{"start":{"line":12,"column":8},"end":{"line":12,"column":16}},"loc":{"start":{"line":12,"column":28},"end":{"line":16,"column":null}},"line":12},"2":{"name":"(anonymous_2)","decl":{"start":{"line":18,"column":8},"end":{"line":18,"column":19}},"loc":{"start":{"line":18,"column":31},"end":{"line":32,"column":null}},"line":18}},"branchMap":{"0":{"loc":{"start":{"line":14,"column":4},"end":{"line":14,"column":null}},"type":"if","locations":[{"start":{"line":14,"column":4},"end":{"line":14,"column":null}},{"start":{},"end":{}}],"line":14},"1":{"loc":{"start":{"line":20,"column":4},"end":{"line":20,"column":null}},"type":"if","locations":[{"start":{"line":20,"column":4},"end":{"line":20,"column":null}},{"start":{},"end":{}}],"line":20}},"s":{"0":0,"1":0,"2":0,"3":0,"4":0,"5":0,"6":0,"7":0,"8":0,"9":0,"10":0,"11":0},"f":{"0":0,"1":0,"2":0},"b":{"0":[0,0],"1":[0,0]},"meta":{"lastBranch":2,"lastFunction":3,"lastStatement":12,"seen":{"s:5:31:33:Infinity":0,"f:6:8:6:13":0,"s:7:28:7:Infinity":1,"s:8:10:8:Infinity":2,"s:9:4:9:Infinity":3,"f:12:8:12:16":1,"s:13:21:13:Infinity":4,"b:14:4:14:Infinity:undefined:undefined:undefined:undefined":0,"s:14:4:14:Infinity":5,"s:14:19:14:Infinity":6,"s:15:4:15:Infinity":7,"f:18:8:18:19":2,"s:19:21:19:Infinity":8,"b:20:4:20:Infinity:undefined:undefined:undefined:undefined":1,"s:20:4:20:Infinity":9,"s:20:19:20:Infinity":10,"s:21:4:31:Infinity":11}}}
,"C:\\Users\\renna\\Desenvolvimento\\ArchFlow_BackEnd\\src\\services\\location.service.ts": {"path":"C:\\Users\\renna\\Desenvolvimento\\ArchFlow_BackEnd\\src\\services\\location.service.ts","statementMap":{"0":{"start":{"line":5,"column":31},"end":{"line":23,"column":null}},"1":{"start":{"line":7,"column":4},"end":{"line":7,"column":null}},"2":{"start":{"line":11,"column":18},"end":{"line":11,"column":null}},"3":{"start":{"line":12,"column":4},"end":{"line":12,"column":null}},"4":{"start":{"line":12,"column":16},"end":{"line":12,"column":null}},"5":{"start":{"line":14,"column":26},"end":{"line":14,"column":null}},"6":{"start":{"line":15,"column":10},"end":{"line":15,"column":null}},"7":{"start":{"line":17,"column":4},"end":{"line":17,"column":null}},"8":{"start":{"line":21,"column":4},"end":{"line":21,"column":null}}},"fnMap":{"0":{"name":"(anonymous_0)","decl":{"start":{"line":6,"column":8},"end":{"line":6,"column":21}},"loc":{"start":{"line":6,"column":21},"end":{"line":8,"column":null}},"line":6},"1":{"name":"(anonymous_1)","decl":{"start":{"line":10,"column":8},"end":{"line":10,"column":19}},"loc":{"start":{"line":10,"column":76},"end":{"line":18,"column":null}},"line":10},"2":{"name":"(anonymous_2)","decl":{"start":{"line":20,"column":8},"end":{"line":20,"column":21}},"loc":{"start":{"line":20,"column":47},"end":{"line":22,"column":null}},"line":20}},"branchMap":{"0":{"loc":{"start":{"line":12,"column":4},"end":{"line":12,"column":null}},"type":"if","locations":[{"start":{"line":12,"column":4},"end":{"line":12,"column":null}},{"start":{},"end":{}}],"line":12}},"s":{"0":0,"1":0,"2":0,"3":0,"4":0,"5":0,"6":0,"7":0,"8":0},"f":{"0":0,"1":0,"2":0},"b":{"0":[0,0]},"meta":{"lastBranch":1,"lastFunction":3,"lastStatement":9,"seen":{"s:5:31:23:Infinity":0,"f:6:8:6:21":0,"s:7:4:7:Infinity":1,"f:10:8:10:19":1,"s:11:18:11:Infinity":2,"b:12:4:12:Infinity:undefined:undefined:undefined:undefined":0,"s:12:4:12:Infinity":3,"s:12:16:12:Infinity":4,"s:14:26:14:Infinity":5,"s:15:10:15:Infinity":6,"s:17:4:17:Infinity":7,"f:20:8:20:21":2,"s:21:4:21:Infinity":8}}}
,"C:\\Users\\renna\\Desenvolvimento\\ArchFlow_BackEnd\\src\\services\\media.service.ts": {"path":"C:\\Users\\renna\\Desenvolvimento\\ArchFlow_BackEnd\\src\\services\\media.service.ts","statementMap":{"0":{"start":{"line":16,"column":31},"end":{"line":16,"column":null}},"1":{"start":{"line":18,"column":28},"end":{"line":114,"column":null}},"2":{"start":{"line":20,"column":18},"end":{"line":20,"column":null}},"3":{"start":{"line":23,"column":24},"end":{"line":23,"column":null}},"4":{"start":{"line":23,"column":44},"end":{"line":23,"column":57}},"5":{"start":{"line":24,"column":4},"end":{"line":33,"column":null}},"6":{"start":{"line":25,"column":24},"end":{"line":27,"column":null}},"7":{"start":{"line":26,"column":32},"end":{"line":26,"column":85}},"8":{"start":{"line":28,"column":21},"end":{"line":28,"column":null}},"9":{"start":{"line":28,"column":50},"end":{"line":28,"column":63}},"10":{"start":{"line":29,"column":6},"end":{"line":32,"column":null}},"11":{"start":{"line":29,"column":31},"end":{"line":32,"column":8}},"12":{"start":{"line":35,"column":4},"end":{"line":35,"column":null}},"13":{"start":{"line":39,"column":18},"end":{"line":39,"column":null}},"14":{"start":{"line":40,"column":4},"end":{"line":42,"column":null}},"15":{"start":{"line":41,"column":6},"end":{"line":41,"column":null}},"16":{"start":{"line":44,"column":21},"end":{"line":44,"column":null}},"17":{"start":{"line":45,"column":4},"end":{"line":45,"column":null}},"18":{"start":{"line":45,"column":19},"end":{"line":45,"column":null}},"19":{"start":{"line":48,"column":6},"end":{"line":49,"column":null}},"20":{"start":{"line":51,"column":19},"end":{"line":51,"column":null}},"21":{"start":{"line":52,"column":19},"end":{"line":52,"column":null}},"22":{"start":{"line":54,"column":4},"end":{"line":61,"column":null}},"23":{"start":{"line":65,"column":18},"end":{"line":65,"column":null}},"24":{"start":{"line":66,"column":4},"end":{"line":66,"column":null}},"25":{"start":{"line":66,"column":41},"end":{"line":66,"column":null}},"26":{"start":{"line":68,"column":20},"end":{"line":68,"column":null}},"27":{"start":{"line":69,"column":35},"end":{"line":69,"column":null}},"28":{"start":{"line":71,"column":4},"end":{"line":76,"column":null}},"29":{"start":{"line":72,"column":6},"end":{"line":72,"column":null}},"30":{"start":{"line":73,"column":6},"end":{"line":73,"column":null}},"31":{"start":{"line":74,"column":11},"end":{"line":76,"column":null}},"32":{"start":{"line":75,"column":6},"end":{"line":75,"column":null}},"33":{"start":{"line":78,"column":4},"end":{"line":86,"column":null}},"34":{"start":{"line":90,"column":18},"end":{"line":90,"column":null}},"35":{"start":{"line":91,"column":4},"end":{"line":91,"column":null}},"36":{"start":{"line":91,"column":16},"end":{"line":91,"column":null}},"37":{"start":{"line":92,"column":4},"end":{"line":92,"column":null}},"38":{"start":{"line":93,"column":4},"end":{"line":93,"column":null}},"39":{"start":{"line":97,"column":18},"end":{"line":97,"column":null}},"40":{"start":{"line":98,"column":4},"end":{"line":98,"column":null}},"41":{"start":{"line":98,"column":16},"end":{"line":98,"column":null}},"42":{"start":{"line":101,"column":4},"end":{"line":105,"column":null}},"43":{"start":{"line":102,"column":6},"end":{"line":104,"column":null}},"44":{"start":{"line":103,"column":8},"end":{"line":103,"column":null}},"45":{"start":{"line":107,"column":4},"end":{"line":107,"column":null}},"46":{"start":{"line":111,"column":4},"end":{"line":111,"column":null}},"47":{"start":{"line":112,"column":4},"end":{"line":112,"column":null}}},"fnMap":{"0":{"name":"(anonymous_0)","decl":{"start":{"line":19,"column":8},"end":{"line":19,"column":13}},"loc":{"start":{"line":19,"column":33},"end":{"line":36,"column":null}},"line":19},"1":{"name":"(anonymous_1)","decl":{"start":{"line":23,"column":30},"end":{"line":23,"column":38}},"loc":{"start":{"line":23,"column":44},"end":{"line":23,"column":57}},"line":23},"2":{"name":"(anonymous_2)","decl":{"start":{"line":26,"column":20},"end":{"line":26,"column":25}},"loc":{"start":{"line":26,"column":32},"end":{"line":26,"column":85}},"line":26},"3":{"name":"(anonymous_3)","decl":{"start":{"line":28,"column":39},"end":{"line":28,"column":44}},"loc":{"start":{"line":28,"column":50},"end":{"line":28,"column":63}},"line":28},"4":{"name":"(anonymous_4)","decl":{"start":{"line":29,"column":19},"end":{"line":29,"column":24}},"loc":{"start":{"line":29,"column":31},"end":{"line":32,"column":8}},"line":29},"5":{"name":"(anonymous_5)","decl":{"start":{"line":38,"column":8},"end":{"line":38,"column":15}},"loc":{"start":{"line":38,"column":47},"end":{"line":62,"column":null}},"line":38},"6":{"name":"(anonymous_6)","decl":{"start":{"line":64,"column":8},"end":{"line":64,"column":17}},"loc":{"start":{"line":64,"column":59},"end":{"line":87,"column":null}},"line":64},"7":{"name":"(anonymous_7)","decl":{"start":{"line":89,"column":8},"end":{"line":89,"column":15}},"loc":{"start":{"line":89,"column":77},"end":{"line":94,"column":null}},"line":89},"8":{"name":"(anonymous_8)","decl":{"start":{"line":96,"column":8},"end":{"line":96,"column":15}},"loc":{"start":{"line":96,"column":52},"end":{"line":108,"column":null}},"line":96},"9":{"name":"(anonymous_9)","decl":{"start":{"line":102,"column":57},"end":{"line":102,"column":69}},"loc":{"start":{"line":102,"column":69},"end":{"line":104,"column":7}},"line":102},"10":{"name":"(anonymous_10)","decl":{"start":{"line":110,"column":8},"end":{"line":110,"column":16}},"loc":{"start":{"line":110,"column":62},"end":{"line":113,"column":null}},"line":110}},"branchMap":{"0":{"loc":{"start":{"line":24,"column":4},"end":{"line":33,"column":null}},"type":"if","locations":[{"start":{"line":24,"column":4},"end":{"line":33,"column":null}},{"start":{},"end":{}}],"line":24},"1":{"loc":{"start":{"line":31,"column":13},"end":{"line":31,"column":null}},"type":"binary-expr","locations":[{"start":{"line":31,"column":13},"end":{"line":31,"column":33}},{"start":{"line":31,"column":33},"end":{"line":31,"column":null}}],"line":31},"2":{"loc":{"start":{"line":40,"column":4},"end":{"line":42,"column":null}},"type":"if","locations":[{"start":{"line":40,"column":4},"end":{"line":42,"column":null}},{"start":{},"end":{}}],"line":40},"3":{"loc":{"start":{"line":45,"column":4},"end":{"line":45,"column":null}},"type":"if","locations":[{"start":{"line":45,"column":4},"end":{"line":45,"column":null}},{"start":{},"end":{}}],"line":45},"4":{"loc":{"start":{"line":48,"column":6},"end":{"line":49,"column":null}},"type":"cond-expr","locations":[{"start":{"line":48,"column":27},"end":{"line":48,"column":null}},{"start":{"line":49,"column":6},"end":{"line":49,"column":null}}],"line":48},"5":{"loc":{"start":{"line":49,"column":6},"end":{"line":49,"column":null}},"type":"cond-expr","locations":[{"start":{"line":49,"column":29},"end":{"line":49,"column":39}},{"start":{"line":49,"column":39},"end":{"line":49,"column":null}}],"line":49},"6":{"loc":{"start":{"line":66,"column":4},"end":{"line":66,"column":null}},"type":"if","locations":[{"start":{"line":66,"column":4},"end":{"line":66,"column":null}},{"start":{},"end":{}}],"line":66},"7":{"loc":{"start":{"line":71,"column":4},"end":{"line":76,"column":null}},"type":"if","locations":[{"start":{"line":71,"column":4},"end":{"line":76,"column":null}},{"start":{"line":74,"column":11},"end":{"line":76,"column":null}}],"line":71},"8":{"loc":{"start":{"line":72,"column":6},"end":{"line":72,"column":null}},"type":"binary-expr","locations":[{"start":{"line":72,"column":6},"end":{"line":72,"column":51}},{"start":{"line":72,"column":51},"end":{"line":72,"column":null}}],"line":72},"9":{"loc":{"start":{"line":74,"column":11},"end":{"line":76,"column":null}},"type":"if","locations":[{"start":{"line":74,"column":11},"end":{"line":76,"column":null}},{"start":{},"end":{}}],"line":74},"10":{"loc":{"start":{"line":75,"column":6},"end":{"line":75,"column":null}},"type":"binary-expr","locations":[{"start":{"line":75,"column":6},"end":{"line":75,"column":43}},{"start":{"line":75,"column":43},"end":{"line":75,"column":null}}],"line":75},"11":{"loc":{"start":{"line":85,"column":19},"end":{"line":85,"column":null}},"type":"binary-expr","locations":[{"start":{"line":85,"column":19},"end":{"line":85,"column":34}},{"start":{"line":85,"column":34},"end":{"line":85,"column":null}}],"line":85},"12":{"loc":{"start":{"line":91,"column":4},"end":{"line":91,"column":null}},"type":"if","locations":[{"start":{"line":91,"column":4},"end":{"line":91,"column":null}},{"start":{},"end":{}}],"line":91},"13":{"loc":{"start":{"line":98,"column":4},"end":{"line":98,"column":null}},"type":"if","locations":[{"start":{"line":98,"column":4},"end":{"line":98,"column":null}},{"start":{},"end":{}}],"line":98},"14":{"loc":{"start":{"line":101,"column":4},"end":{"line":105,"column":null}},"type":"if","locations":[{"start":{"line":101,"column":4},"end":{"line":105,"column":null}},{"start":{},"end":{}}],"line":101}},"s":{"0":0,"1":0,"2":0,"3":0,"4":0,"5":0,"6":0,"7":0,"8":0,"9":0,"10":0,"11":0,"12":0,"13":0,"14":0,"15":0,"16":0,"17":0,"18":0,"19":0,"20":0,"21":0,"22":0,"23":0,"24":0,"25":0,"26":0,"27":0,"28":0,"29":0,"30":0,"31":0,"32":0,"33":0,"34":0,"35":0,"36":0,"37":0,"38":0,"39":0,"40":0,"41":0,"42":0,"43":0,"44":0,"45":0,"46":0,"47":0},"f":{"0":0,"1":0,"2":0,"3":0,"4":0,"5":0,"6":0,"7":0,"8":0,"9":0,"10":0},"b":{"0":[0,0],"1":[0,0],"2":[0,0],"3":[0,0],"4":[0,0],"5":[0,0],"6":[0,0],"7":[0,0],"8":[0,0],"9":[0,0],"10":[0,0],"11":[0,0],"12":[0,0],"13":[0,0],"14":[0,0]},"meta":{"lastBranch":15,"lastFunction":11,"lastStatement":48,"seen":{"s:16:31:16:Infinity":0,"s:18:28:114:Infinity":1,"f:19:8:19:13":0,"s:20:18:20:Infinity":2,"s:23:24:23:Infinity":3,"f:23:30:23:38":1,"s:23:44:23:57":4,"b:24:4:33:Infinity:undefined:undefined:undefined:undefined":0,"s:24:4:33:Infinity":5,"s:25:24:27:Infinity":6,"f:26:20:26:25":2,"s:26:32:26:85":7,"s:28:21:28:Infinity":8,"f:28:39:28:44":3,"s:28:50:28:63":9,"s:29:6:32:Infinity":10,"f:29:19:29:24":4,"s:29:31:32:8":11,"b:31:13:31:33:31:33:31:Infinity":1,"s:35:4:35:Infinity":12,"f:38:8:38:15":5,"s:39:18:39:Infinity":13,"b:40:4:42:Infinity:undefined:undefined:undefined:undefined":2,"s:40:4:42:Infinity":14,"s:41:6:41:Infinity":15,"s:44:21:44:Infinity":16,"b:45:4:45:Infinity:undefined:undefined:undefined:undefined":3,"s:45:4:45:Infinity":17,"s:45:19:45:Infinity":18,"s:48:6:49:Infinity":19,"b:48:27:48:Infinity:49:6:49:Infinity":4,"b:49:29:49:39:49:39:49:Infinity":5,"s:51:19:51:Infinity":20,"s:52:19:52:Infinity":21,"s:54:4:61:Infinity":22,"f:64:8:64:17":6,"s:65:18:65:Infinity":23,"b:66:4:66:Infinity:undefined:undefined:undefined:undefined":6,"s:66:4:66:Infinity":24,"s:66:41:66:Infinity":25,"s:68:20:68:Infinity":26,"s:69:35:69:Infinity":27,"b:71:4:76:Infinity:74:11:76:Infinity":7,"s:71:4:76:Infinity":28,"s:72:6:72:Infinity":29,"b:72:6:72:51:72:51:72:Infinity":8,"s:73:6:73:Infinity":30,"b:74:11:76:Infinity:undefined:undefined:undefined:undefined":9,"s:74:11:76:Infinity":31,"s:75:6:75:Infinity":32,"b:75:6:75:43:75:43:75:Infinity":10,"s:78:4:86:Infinity":33,"b:85:19:85:34:85:34:85:Infinity":11,"f:89:8:89:15":7,"s:90:18:90:Infinity":34,"b:91:4:91:Infinity:undefined:undefined:undefined:undefined":12,"s:91:4:91:Infinity":35,"s:91:16:91:Infinity":36,"s:92:4:92:Infinity":37,"s:93:4:93:Infinity":38,"f:96:8:96:15":8,"s:97:18:97:Infinity":39,"b:98:4:98:Infinity:undefined:undefined:undefined:undefined":13,"s:98:4:98:Infinity":40,"s:98:16:98:Infinity":41,"b:101:4:105:Infinity:undefined:undefined:undefined:undefined":14,"s:101:4:105:Infinity":42,"s:102:6:104:Infinity":43,"f:102:57:102:69":9,"s:103:8:103:Infinity":44,"s:107:4:107:Infinity":45,"f:110:8:110:16":10,"s:111:4:111:Infinity":46,"s:112:4:112:Infinity":47}}}
,"C:\\Users\\renna\\Desenvolvimento\\ArchFlow_BackEnd\\src\\services\\opportunity.service.ts": {"path":"C:\\Users\\renna\\Desenvolvimento\\ArchFlow_BackEnd\\src\\services\\opportunity.service.ts","statementMap":{"0":{"start":{"line":8,"column":34},"end":{"line":62,"column":null}},"1":{"start":{"line":10,"column":28},"end":{"line":10,"column":null}},"2":{"start":{"line":11,"column":4},"end":{"line":11,"column":null}},"3":{"start":{"line":15,"column":16},"end":{"line":15,"column":null}},"4":{"start":{"line":16,"column":4},"end":{"line":16,"column":null}},"5":{"start":{"line":16,"column":14},"end":{"line":16,"column":null}},"6":{"start":{"line":17,"column":4},"end":{"line":17,"column":null}},"7":{"start":{"line":22,"column":19},"end":{"line":22,"column":null}},"8":{"start":{"line":23,"column":4},"end":{"line":23,"column":null}},"9":{"start":{"line":23,"column":17},"end":{"line":23,"column":null}},"10":{"start":{"line":25,"column":24},"end":{"line":25,"column":null}},"11":{"start":{"line":27,"column":16},"end":{"line":40,"column":null}},"12":{"start":{"line":41,"column":4},"end":{"line":41,"column":null}},"13":{"start":{"line":45,"column":4},"end":{"line":45,"column":null}},"14":{"start":{"line":47,"column":48},"end":{"line":47,"column":null}},"15":{"start":{"line":50,"column":4},"end":{"line":52,"column":null}},"16":{"start":{"line":51,"column":6},"end":{"line":51,"column":null}},"17":{"start":{"line":54,"column":4},"end":{"line":54,"column":null}},"18":{"start":{"line":55,"column":4},"end":{"line":55,"column":null}},"19":{"start":{"line":59,"column":4},"end":{"line":59,"column":null}},"20":{"start":{"line":60,"column":4},"end":{"line":60,"column":null}},"21":{"start":{"line":65,"column":26},"end":{"line":67,"column":null}},"22":{"start":{"line":68,"column":2},"end":{"line":68,"column":null}}},"fnMap":{"0":{"name":"(anonymous_0)","decl":{"start":{"line":9,"column":8},"end":{"line":9,"column":13}},"loc":{"start":{"line":9,"column":59},"end":{"line":12,"column":null}},"line":9},"1":{"name":"(anonymous_1)","decl":{"start"
[...]
ne":125,"column":4},"end":{"line":125,"column":null}},"type":"if","locations":[{"start":{"line":125,"column":4},"end":{"line":125,"column":null}},{"start":{},"end":{}}],"line":125},"19":{"loc":{"start":{"line":125,"column":8},"end":{"line":125,"column":36}},"type":"binary-expr","locations":[{"start":{"line":125,"column":8},"end":{"line":125,"column":23}},{"start":{"line":125,"column":23},"end":{"line":125,"column":36}}],"line":125},"20":{"loc":{"start":{"line":132,"column":4},"end":{"line":132,"column":null}},"type":"if","locations":[{"start":{"line":132,"column":4},"end":{"line":132,"column":null}},{"start":{},"end":{}}],"line":132},"21":{"loc":{"start":{"line":132,"column":8},"end":{"line":132,"column":24}},"type":"binary-expr","locations":[{"start":{"line":132,"column":8},"end":{"line":132,"column":17}},{"start":{"line":132,"column":17},"end":{"line":132,"column":24}}],"line":132}},"s":{"0":0,"1":0,"2":0,"3":0,"4":0,"5":0,"6":0,"7":0,"8":0,"9":0,"10":0,"11":0,"12":0,"13":0,"14":0,"15":0,"16":0,"17":0,"18":0,"19":0,"20":0,"21":0,"22":0,"23":0,"24":0,"25":0,"26":0,"27":0,"28":0,"29":0,"30":0,"31":0,"32":0,"33":0,"34":0,"35":0,"36":0,"37":0,"38":0,"39":0,"40":0,"41":0,"42":0,"43":0,"44":0,"45":0,"46":0,"47":0,"48":0,"49":0,"50":0,"51":0,"52":0,"53":0,"54":0,"55":0,"56":0,"57":0,"58":0,"59":0,"60":0,"61":0,"62":0,"63":0,"64":0,"65":0,"66":0,"67":0,"68":0,"69":0,"70":0},"f":{"0":0,"1":0,"2":0,"3":0,"4":0,"5":0,"6":0,"7":0,"8":0,"9":0},"b":{"0":[0,0],"1":[0,0],"2":[0,0],"3":[0,0],"4":[0,0],"5":[0,0],"6":[0,0],"7":[0,0],"8":[0,0],"9":[0,0],"10":[0,0],"11":[0,0],"12":[0,0],"13":[0,0],"14":[0,0],"15":[0,0],"16":[0,0],"17":[0,0],"18":[0,0],"19":[0,0],"20":[0,0],"21":[0,0]},"meta":{"lastBranch":22,"lastFunction":10,"lastStatement":71,"seen":{"s:6:23:6:Infinity":0,"s:7:23:7:Infinity":1,"s:8:23:8:Infinity":2,"s:10:31:10:Infinity":3,"s:11:31:11:Infinity":4,"s:12:31:12:Infinity":5,"s:13:31:13:Infinity":6,"s:14:32:14:Infinity":7,"s:15:31:15:Infinity":8,"f:31:9:31:21":0,"s:32:2:32:Infinity":9,"f:35:9:35:19":1,"s:36:15:36:Infinity":10,"s:37:8:37:Infinity":11,"s:38:2:38:Infinity":12,"f:41:9:41:22":2,"s:42:14:42:Infinity":13,"b:42:14:42:54:42:54:42:Infinity":0,"s:43:2:43:Infinity":14,"s:46:30:135:Infinity":15,"f:47:8:47:19":3,"b:48:4:54:Infinity:51:11:54:Infinity":1,"s:48:4:54:Infinity":16,"b:49:6:49:Infinity:undefined:undefined:undefined:undefined":2,"s:49:6:49:Infinity":17,"s:49:47:49:Infinity":18,"b:50:6:50:Infinity:undefined:undefined:undefined:undefined":3,"s:50:6:50:Infinity":19,"s:50:48:50:Infinity":20,"b:52:6:52:Infinity:undefined:undefined:undefined:undefined":4,"s:52:6:52:Infinity":21,"s:52:48:52:Infinity":22,"b:53:6:53:Infinity:undefined:undefined:undefined:undefined":5,"s:53:6:53:Infinity":23,"s:53:49:53:Infinity":24,"s:56:24:56:Infinity":25,"s:57:24:57:Infinity":26,"s:58:24:58:Infinity":27,"s:60:22:61:Infinity":28,"b:62:4:62:Infinity:undefined:undefined:undefined:undefined":6,"s:62:4:62:Infinity":29,"s:62:15:62:Infinity":30,"s:64:53:65:Infinity":31,"b:66:4:66:Infinity:undefined:undefined:undefined:undefined":7,"s:66:4:66:Infinity":32,"b:66:8:66:23:66:23:66:36":8,"s:66:36:66:Infinity":33,"s:68:4:72:Infinity":34,"b:71:42:71:65:71:65:71:Infinity":9,"f:75:8:75:21":4,"s:76:28:77:Infinity":35,"b:78:4:78:Infinity:undefined:undefined:undefined:undefined":10,"s:78:4:78:Infinity":36,"b:78:8:78:17:78:17:78:24":11,"s:78:24:78:Infinity":37,"s:79:4:79:Infinity":38,"f:82:8:82:19":5,"s:83:22:83:Infinity":39,"b:84:4:84:Infinity:undefined:undefined:undefined:undefined":12,"s:84:4:84:Infinity":40,"s:84:15:84:Infinity":41,"f:87:8:87:Infinity":6,"s:90:22:90:Infinity":42,"s:91:51:91:Infinity":43,"s:93:4:103:Infinity":44,"f:94:16:94:23":7,"b:95:8:95:Infinity:undefined:undefined:undefined:undefined":13,"s:95:8:95:Infinity":45,"s:95:33:95:79":46,"s:95:79:95:86":47,"s:96:8:101:Infinity":48,"s:97:27:97:Infinity":49,"s:98:10:98:Infinity":50,"b:98:43:98:62:98:62:98:71":14,"s:100:10:100:Infinity":51,"s:104:4:104:Infinity":52,"f:107:8:107:28":8,"b:108:4:110:Infinity:undefined:undefined:undefined:undefined":15,"s:108:4:110:Infinity":53,"s:109:6:109:Infinity":54,"b:111:4:113:Infinity:undefined:undefined:undefined:undefined":16,"s:111:4:113:Infinity":55,"s:112:6:112:Infinity":56,"s:115:24:115:Infinity":57,"s:116:24:116:Infinity":58,"s:117:24:117:Infinity":59,"s:119:22:120:Infinity":60,"b:121:4:121:Infinity:undefined:undefined:undefined:undefined":17,"s:121:4:121:Infinity":61,"s:121:15:121:Infinity":62,"s:123:53:124:Infinity":63,"b:125:4:125:Infinity:undefined:undefined:undefined:undefined":18,"s:125:4:125:Infinity":64,"b:125:8:125:23:125:23:125:36":19,"s:125:36:125:Infinity":65,"s:127:4:127:Infinity":66,"f:130:8:130:27":9,"s:131:28:131:Infinity":67,"b:132:4:132:Infinity:undefined:undefined:undefined:undefined":20,"s:132:4:132:Infinity":68,"b:132:8:132:17:132:17:132:24":21,"s:132:24:132:Infinity":69,"s:133:4:133:Infinity":70}}}
,"C:\\Users\\renna\\Desenvolvimento\\ArchFlow_BackEnd\\src\\utils\\serviceError.ts": {"path":"C:\\Users\\renna\\Desenvolvimento\\ArchFlow_BackEnd\\src\\utils\\serviceError.ts","statementMap":{"0":{"start":{"line":7,"column":59},"end":{"line":36,"column":null}},"1":{"start":{"line":9,"column":46},"end":{"line":9,"column":null}},"2":{"start":{"line":10,"column":46},"end":{"line":10,"column":null}},"3":{"start":{"line":11,"column":46},"end":{"line":11,"column":null}},"4":{"start":{"line":12,"column":46},"end":{"line":12,"column":null}},"5":{"start":{"line":13,"column":46},"end":{"line":13,"column":null}},"6":{"start":{"line":15,"column":46},"end":{"line":15,"column":null}},"7":{"start":{"line":17,"column":46},"end":{"line":17,"column":null}},"8":{"start":{"line":19,"column":46},"end":{"line":19,"column":null}},"9":{"start":{"line":20,"column":46},"end":{"line":20,"column":null}},"10":{"start":{"line":22,"column":46},"end":{"line":22,"column":null}},"11":{"start":{"line":24,"column":46},"end":{"line":24,"column":null}},"12":{"start":{"line":25,"column":46},"end":{"line":25,"column":null}},"13":{"start":{"line":27,"column":46},"end":{"line":27,"column":null}},"14":{"start":{"line":28,"column":46},"end":{"line":28,"column":null}},"15":{"start":{"line":29,"column":46},"end":{"line":29,"column":null}},"16":{"start":{"line":30,"column":46},"end":{"line":30,"column":null}},"17":{"start":{"line":31,"column":46},"end":{"line":31,"column":null}},"18":{"start":{"line":33,"column":27},"end":{"line":33,"column":null}},"19":{"start":{"line":34,"column":28},"end":{"line":34,"column":null}},"20":{"start":{"line":35,"column":27},"end":{"line":35,"column":null}},"21":{"start":{"line":39,"column":2},"end":{"line":39,"column":null}},"22":{"start":{"line":39,"column":33},"end":{"line":39,"column":null}},"23":{"start":{"line":41,"column":2},"end":{"line":44,"column":null}},"24":{"start":{"line":42,"column":20},"end":{"line":42,"column":null}},"25":{"start":{"line":43,"column":4},"end":{"line":43,"column":null}},"26":{"start":{"line":43,"column":17},"end":{"line":43,"column":null}},"27":{"start":{"line":46,"column":2},"end":{"line":54,"column":null}},"28":{"start":{"line":47,"column":4},"end":{"line":51,"column":null}},"29":{"start":{"line":48,"column":36},"end":{"line":48,"column":null}},"30":{"start":{"line":49,"column":26},"end":{"line":49,"column":null}},"31":{"start":{"line":50,"column":6},"end":{"line":50,"column":null}},"32":{"start":{"line":52,"column":20},"end":{"line":52,"column":null}},"33":{"start":{"line":53,"column":4},"end":{"line":53,"column":null}},"34":{"start":{"line":53,"column":17},"end":{"line":53,"column":null}},"35":{"start":{"line":56,"column":2},"end":{"line":56,"column":null}},"36":{"start":{"line":57,"column":2},"end":{"line":57,"column":null}}},"fnMap":{"0":{"name":"(anonymous_0)","decl":{"start":{"line":9,"column":13},"end":{"line":9,"column":46}},"loc":{"start":{"line":9,"column":46},"end":{"line":9,"column":null}},"line":9},"1":{"name":"(anonymous_1)","decl":{"start":{"line":10,"column":13},"end":{"line":10,"column":46}},"loc":{"start":{"line":10,"column":46},"end":{"line":10,"column":null}},"line":10},"2":{"name":"(anonymous_2)","decl":{"start":{"line":11,"column":13},"end":{"line":11,"column":46}},"loc":{"start":{"line":11,"column":46},"end":{"line":11,"column":null}},"line":11},"3":{"name":"(anonymous_3)","decl":{"start":{"line":12,"column":13},"end":{"line":12,"column":46}},"loc":{"start":{"line":12,"column":46},"end":{"line":12,"column":null}},"line":12},"4":{"name":"(anonymous_4)","decl":{"start":{"line":13,"column":13},"end":{"line":13,"column":46}},"loc":{"start":{"line":13,"column":46},"end":{"line":13,"column":null}},"line":13},"5":{"name":"(anonymous_5)","decl":{"start":{"line":15,"column":13},"end":{"line":15,"column":46}},"loc":{"start":{"line":15,"column":46},"end":{"line":15,"column":null}},"line":15},"6":{"name":"(anonymous_6)","decl":{"start":{"line":17,"column":13},"end":{"line":17,"column":46}},"loc":{"start":{"line":17,"column":46},"end":{"line":17,"column":null}},"line":17},"7":{"name":"(anonymous_7)","decl":{"start":{"line":19,"column":13},"end":{"line":19,"column":46}},"loc":{"start":{"line":19,"column":46},"end":{"line":19,"column":null}},"line":19},"8":{"name":"(anonymous_8)","decl":{"start":{"line":20,"column":13},"end":{"line":20,"column":46}},"loc":{"start":{"line":20,"column":46},"end":{"line":20,"column":null}},"line":20},"9":{"name":"(anonymous_9)","decl":{"start":{"line":22,"column":13},"end":{"line":22,"column":46}},"loc":{"start":{"line":22,"column":46},"end":{"line":22,"column":null}},"line":22},"10":{"name":"(anonymous_10)","decl":{"start":{"line":24,"column":13},"end":{"line":24,"column":46}},"loc":{"start":{"line":24,"column":46},"end":{"line":24,"column":null}},"line":24},"11":{"name":"(anonymous_11)","decl":{"start":{"line":25,"column":13},"end":{"line":25,"column":46}},"loc":{"start":{"line":25,"column":46},"end":{"line":25,"column":null}},"line":25},"12":{"name":"(anonymous_12)","decl":{"start":{"line":27,"column":13},"end":{"line":27,"column":46}},"loc":{"start":{"line":27,"column":46},"end":{"line":27,"column":null}},"line":27},"13":{"name":"(anonymous_13)","decl":{"start":{"line":28,"column":13},"end":{"line":28,"column":46}},"loc":{"start":{"line":28,"column":46},"end":{"line":28,"column":null}},"line":28},"14":{"name":"(anonymous_14)","decl":{"start":{"line":29,"column":13},"end":{"line":29,"column":46}},"loc":{"start":{"line":29,"column":46},"end":{"line":29,"column":null}},"line":29},"15":{"name":"(anonymous_15)","decl":{"start":{"line":30,"column":13},"end":{"line":30,"column":46}},"loc":{"start":{"line":30,"column":46},"end":{"line":30,"column":null}},"line":30},"16":{"name":"(anonymous_16)","decl":{"start":{"line":31,"column":13},"end":{"line":31,"column":46}},"loc":{"start":{"line":31,"column":46},"end":{"line":31,"column":null}},"line":31},"17":{"name":"(anonymous_17)","decl":{"start":{"line":33,"column":2},"end":{"line":33,"column":27}},"loc":{"start":{"line":33,"column":27},"end":{"line":33,"column":null}},"line":33},"18":{"name":"(anonymous_18)","decl":{"start":{"line":34,"column":2},"end":{"line":34,"column":28}},"loc":{"start":{"line":34,"column":28},"end":{"line":34,"column":null}},"line":34},"19":{"name":"(anonymous_19)","decl":{"start":{"line":35,"column":2},"end":{"line":35,"column":27}},"loc":{"start":{"line":35,"column":27},"end":{"line":35,"column":null}},"line":35},"20":{"name":"handleServiceError","decl":{"start":{"line":38,"column":16},"end":{"line":38,"column":35}},"loc":{"start":{"line":38,"column":65},"end":{"line":58,"column":null}},"line":38}},"branchMap":{"0":{"loc":{"start":{"line":39,"column":2},"end":{"line":39,"column":null}},"type":"if","locations":[{"start":{"line":39,"column":2},"end":{"line":39,"column":null}},{"start":{},"end":{}}],"line":39},"1":{"loc":{"start":{"line":41,"column":2},"end":{"line":44,"column":null}},"type":"if","locations":[{"start":{"line":41,"column":2},"end":{"line":44,"column":null}},{"start":{},"end":{}}],"line":41},"2":{"loc":{"start":{"line":43,"column":4},"end":{"line":43,"column":null}},"type":"if","locations":[{"start":{"line":43,"column":4},"end":{"line":43,"column":null}},{"start":{},"end":{}}],"line":43},"3":{"loc":{"start":{"line":46,"column":2},"end":{"line":54,"column":null}},"type":"if","locations":[{"start":{"line":46,"column":2},"end":{"line":54,"column":null}},{"start":{},"end":{}}],"line":46},"4":{"loc":{"start":{"line":47,"column":4},"end":{"line":51,"column":null}},"type":"if","locations":[{"start":{"line":47,"column":4},"end":{"line":51,"column":null}},{"start":{},"end":{}}],"line":47},"5":{"loc":{"start":{"line":49,"column":26},"end":{"line":49,"column":null}},"type":"cond-expr","locations":[{"start":{"line":49,"column":36},"end":{"line":49,"column":83}},{"start":{"line":49,"column":83},"end":{"line":49,"column":null}}],"line":49},"6":{"loc":{"start":{"line":53,"column":4},"end":{"line":53,"column":null}},"type":"if","locations":[{"start":{"line":53,"column":4},"end":{"line":53,"column":null}},{"start":{},"end":{}}],"line":53}},"s":{"0":1,"1":1,"2":1,"3":1,"4":1,"5":1,"6":1,"7":1,"8":1,"9":1,"10":1,"11":1,"12":1,"13":1,"14":1,"15":1,"16":1,"17":1,"18":1,"19":1,"20":1,"21":28,"22":2,"23":26,"24":17,"25":17,"26":17,"27":9,"28":6,"29":2,"30":2,"31":2,"32":4,"33":4,"34":3,"35":4,"36":4},"f":{"0":1,"1":1,"2":1,"3":1,"4":1,"5":1,"6":1,"7":1,"8":1,"9":1,"10":1,"11":1,"12":1,"13":1,"14":1,"15":1,"16":1,"17":1,"18":1,"19":1,"20":28},"b":{"0":[2,26],"1":[17,9],"2":[17,0],"3":[6,3],"4":[2,4],"5":[1,1],"6":[3,1]},"meta":{"lastBranch":7,"lastFunction":21,"lastStatement":37,"seen":{"s:7:59:36:Infinity":0,"f:9:13:9:46":0,"s:9:46:9:Infinity":1,"f:10:13:10:46":1,"s:10:46:10:Infinity":2,"f:11:13:11:46":2,"s:11:46:11:Infinity":3,"f:12:13:12:46":3,"s:12:46:12:Infinity":4,"f:13:13:13:46":4,"s:13:46:13:Infinity":5,"f:15:13:15:46":5,"s:15:46:15:Infinity":6,"f:17:13:17:46":6,"s:17:46:17:Infinity":7,"f:19:13:19:46":7,"s:19:46:19:Infinity":8,"f:20:13:20:46":8,"s:20:46:20:Infinity":9,"f:22:13:22:46":9,"s:22:46:22:Infinity":10,"f:24:13:24:46":10,"s:24:46:24:Infinity":11,"f:25:13:25:46":11,"s:25:46:25:Infinity":12,"f:27:13:27:46":12,"s:27:46:27:Infinity":13,"f:28:13:28:46":13,"s:28:46:28:Infinity":14,"f:29:13:29:46":14,"s:29:46:29:Infinity":15,"f:30:13:30:46":15,"s:30:46:30:Infinity":16,"f:31:13:31:46":16,"s:31:46:31:Infinity":17,"f:33:2:33:27":17,"s:33:27:33:Infinity":18,"f:34:2:34:28":18,"s:34:28:34:Infinity":19,"f:35:2:35:27":19,"s:35:27:35:Infinity":20,"f:38:16:38:35":20,"b:39:2:39:Infinity:undefined:undefined:undefined:undefined":0,"s:39:2:39:Infinity":21,"s:39:33:39:Infinity":22,"b:41:2:44:Infinity:undefined:undefined:undefined:undefined":1,"s:41:2:44:Infinity":23,"s:42:20:42:Infinity":24,"b:43:4:43:Infinity:undefined:undefined:undefined:undefined":2,"s:43:4:43:Infinity":25,"s:43:17:43:Infinity":26,"b:46:2:54:Infinity:undefined:undefined:undefined:undefined":3,"s:46:2:54:Infinity":27,"b:47:4:51:Infinity:undefined:undefined:undefined:undefined":4,"s:47:4:51:Infinity":28,"s:48:36:48:Infinity":29,"s:49:26:49:Infinity":30,"b:49:36:49:83:49:83:49:Infinity":5,"s:50:6:50:Infinity":31,"s:52:20:52:Infinity":32,"b:53:4:53:Infinity:undefined:undefined:undefined:undefined":6,"s:53:4:53:Infinity":33,"s:53:17:53:Infinity":34,"s:56:2:56:Infinity":35,"s:57:2:57:Infinity":36}}}
,"C:\\Users\\renna\\Desenvolvimento\\ArchFlow_BackEnd\\src\\utils\\calculations\\pricing.ts": {"path":"C:\\Users\\renna\\Desenvolvimento\\ArchFlow_BackEnd\\src\\utils\\calculations\\pricing.ts","statementMap":{"0":{"start":{"line":4,"column":71},"end":{"line":9,"column":null}},"1":{"start":{"line":31,"column":21},"end":{"line":31,"column":null}},"2":{"start":{"line":32,"column":17},"end":{"line":32,"column":null}},"3":{"start":{"line":33,"column":17},"end":{"line":33,"column":null}},"4":{"start":{"line":35,"column":2},"end":{"line":45,"column":null}},"5":{"start":{"line":36,"column":18},"end":{"line":36,"column":null}},"6":{"start":{"line":37,"column":18},"end":{"line":37,"column":null}},"7":{"start":{"line":38,"column":4},"end":{"line":38,"column":null}},"8":{"start":{"line":39,"column":4},"end":{"line":39,"column":null}},"9":{"start":{"line":41,"column":24},"end":{"line":41,"column":null}},"10":{"start":{"line":42,"column":25},"end":{"line":42,"column":null}},"11":{"start":{"line":43,"column":4},"end":{"line":43,"column":null}},"12":{"start":{"line":44,"column":4},"end":{"line":44,"column":null}},"13":{"start":{"line":47,"column":16},"end":{"line":47,"column":null}},"14":{"start":{"line":49,"column":2},"end":{"line":54,"column":null}},"15":{"start":{"line":58,"column":2},"end":{"line":58,"column":null}},"16":{"start":{"line":62,"column":12},"end":{"line":62,"column":null}},"17":{"start":{"line":63,"column":2},"end":{"line":67,"column":null}}},"fnMap":{"0":{"name":"calculatePricing","decl":{"start":{"line":30,"column":16},"end":{"line":30,"column":33}},"loc":{"start":{"line":30,"column":77},"end":{"line":55,"column":null}},"line":30},"1":{"name":"round2","decl":{"start":{"line":57,"column":9},"end":{"line":57,"column":16}},"loc":{"start":{"line":57,"column":27},"end":{"line":59,"column":null}},"line":57},"2":{"name":"suggestedRange","decl":{"start":{"line":61,"column":16},"end":{"line":61,"column":31}},"loc":{"start":{"line":61,"column":97},"end":{"line":68,"column":null}},"line":61}},"branchMap":{"0":{"loc":{"start":{"line":31,"column":44},"end":{"line":31,"column":null}},"type":"binary-expr","locations":[{"start":{"line":31,"column":44},"end":{"line":31,"column":64}},{"start":{"line":31,"column":64},"end":{"line":31,"column":null}}],"line":31},"1":{"loc":{"start":{"line":35,"column":2},"end":{"line":45,"column":null}},"type":"if","locations":[{"start":{"line":35,"column":2},"end":{"line":45,"column":null}},{"start":{"line":40,"column":9},"end":{"line":45,"column":null}}],"line":35},"2":{"loc":{"start":{"line":36,"column":18},"end":{"line":36,"column":null}},"type":"binary-expr","locations":[{"start":{"line":36,"column":18},"end":{"line":36,"column":42}},{"start":{"line":36,"column":42},"end":{"line":36,"column":null}}],"line":36},"3":{"loc":{"start":{"line":37,"column":18},"end":{"line":37,"column":null}},"type":"binary-expr","locations":[{"start":{"line":37,"column":18},"end":{"line":37,"column":42}},{"start":{"line":37,"column":42},"end":{"line":37,"column":null}}],"line":37},"4":{"loc":{"start":{"line":41,"column":24},"end":{"line":41,"column":null}},"type":"binary-expr","locations":[{"start":{"line":41,"column":24},"end":{"line":41,"column":53}},{"start":{"line":41,"column":53},"end":{"line":41,"column":null}}],"line":41},"5":{"loc":{"start":{"line":42,"column":25},"end":{"line":42,"column":null}},"type":"binary-expr","locations":[{"start":{"line":42,"column":25},"end":{"line":42,"column":53}},{"start":{"line":42,"column":53},"end":{"line":42,"column":null}}],"line":42},"6":{"loc":{"start":{"line":61,"column":57},"end":{"line":61,"column":97}},"type":"default-arg","locations":[{"start":{"line":61,"column":87},"end":{"line":61,"column":97}}],"line":61}},"s":{"0":2,"1":13,"2":13,"3":13,"4":13,"5":8,"6":8,"7":8,"8":8,"9":5,"10":5,"11":5,"12":5,"13":13,"14":13,"15":50,"16":8,"17":8},"f":{"0":13,"1":50,"2":8},"b":{"0":[13,4],"1":[8,5],"2":[8,2],"3":[8,2],"4":[5,1],"5":[5,1],"6":[8]},"meta":{"lastBranch":7,"lastFunction":3,"lastStatement":18,"seen":{"s:4:71:9:Infinity":0,"f:30:16:30:33":0,"s:31:21:31:Infinity":1,"b:31:44:31:64:31:64:31:Infinity":0,"s:32:17:32:Infinity":2,"s:33:17:33:Infinity":3,"b:35:2:45:Infinity:40:9:45:Infinity":1,"s:35:2:45:Infinity":4,"s:36:18:36:Infinity":5,"b:36:18:36:42:36:42:36:Infinity":2,"s:37:18:37:Infinity":6,"b:37:18:37:42:37:42:37:Infinity":3,"s:38:4:38:Infinity":7,"s:39:4:39:Infinity":8,"s:41:24:41:Infinity":9,"b:41:24:41:53:41:53:41:Infinity":4,"s:42:25:42:Infinity":10,"b:42:25:42:53:42:53:42:Infinity":5,"s:43:4:43:Infinity":11,"s:44:4:44:Infinity":12,"s:47:16:47:Infinity":13,"s:49:2:54:Infinity":14,"f:57:9:57:16":1,"s:58:2:58:Infinity":15,"f:61:16:61:31":2,"b:61:87:61:97":6,"s:62:12:62:Infinity":16,"s:63:2:67:Infinity":17}}}
}
